This is pdfTeX, Version 3.14159265-2.6-1.40.18 (MiKTeX 2.9.6600) (preloaded format=pdflatex 2018.5.4)  3 JAN 2019 12:35
entering extended mode
**F:/Git/messageVortex/thesis/src/main/latex/inc/addRedundancyOp_temp.pdftex_t
(F:/Git/messageVortex/thesis/src/main/latex/inc/addRedundancyOp_temp.pdftex_t
LaTeX2e <2017-04-15>
Babel <3.18> and hyphenation patterns for 1 language(s) loaded.
! Undefined control sequence.
<recently read> \includegraphics 
                                 
l.2 \includegraphics
                    {F:/Git/messageVortex/thesis/src/main/latex/inc/addRedun...

? 
! Emergency stop.
<recently read> \includegraphics 
                                 
l.2 \includegraphics
                    {F:/Git/messageVortex/thesis/src/main/latex/inc/addRedun...
End of file on the terminal!

 
Here is how much of TeX's memory you used:
 10 strings out of 495204
 374 string characters out of 3180596
 45552 words of memory out of 3000000
 3414 multiletter control sequences out of 15000+200000
 3640 words of font info for 14 fonts, out of 3000000 for 9000
 14 hyphenation exceptions out of 8191
 5i,1n,4p,170b,30s stack positions out of 5000i,500n,10000p,200000b,50000s
!  ==> Fatal error occurred, no output PDF file produced!
