\BOOKMARK [0][-]{chapter.1}{Introduction}{}% 1
\BOOKMARK [1][-]{section.1.1}{Current situation}{chapter.1}% 2
\BOOKMARK [1][-]{section.1.2}{Problem statement}{chapter.1}% 3
\BOOKMARK [0][-]{chapter.2}{Current situation}{}% 4
\BOOKMARK [1][-]{section.2.1}{Implemented protocols}{chapter.2}% 5
\BOOKMARK [2][-]{subsection.2.1.1}{SMTP}{section.2.1}% 6
\BOOKMARK [3][-]{subsubsection.2.1.1.1}{Mail transport}{subsection.2.1.1}% 7
\BOOKMARK [3][-]{subsubsection.2.1.1.2}{encryption}{subsection.2.1.1}% 8
\BOOKMARK [2][-]{subsection.2.1.2}{MIME}{section.2.1}% 9
\BOOKMARK [2][-]{subsection.2.1.3}{S/MIME}{section.2.1}% 10
\BOOKMARK [2][-]{subsection.2.1.4}{PGP}{section.2.1}% 11
\BOOKMARK [2][-]{subsection.2.1.5}{Sender Policy Framework}{section.2.1}% 12
\BOOKMARK [2][-]{subsection.2.1.6}{Sender ID}{section.2.1}% 13
\BOOKMARK [2][-]{subsection.2.1.7}{DNS}{section.2.1}% 14
\BOOKMARK [3][-]{subsubsection.2.1.7.1}{DNSSEC}{subsection.2.1.7}% 15
\BOOKMARK [2][-]{subsection.2.1.8}{Transport Protocols}{section.2.1}% 16
\BOOKMARK [3][-]{subsubsection.2.1.8.1}{IPv4}{subsection.2.1.8}% 17
\BOOKMARK [3][-]{subsubsection.2.1.8.2}{IPv6}{subsection.2.1.8}% 18
\BOOKMARK [3][-]{subsubsection.2.1.8.3}{EGRP}{subsection.2.1.8}% 19
\BOOKMARK [3][-]{subsubsection.2.1.8.4}{IGRP}{subsection.2.1.8}% 20
\BOOKMARK [2][-]{subsection.2.1.9}{POP3}{section.2.1}% 21
\BOOKMARK [2][-]{subsection.2.1.10}{IMAPv4}{section.2.1}% 22
\BOOKMARK [1][-]{section.2.2}{Ground theory}{chapter.2}% 23
\BOOKMARK [2][-]{subsection.2.2.1}{Anonymity}{section.2.2}% 24
\BOOKMARK [2][-]{subsection.2.2.2}{Identification \(data signage\)}{section.2.2}% 25
\BOOKMARK [2][-]{subsection.2.2.3}{Encryption}{section.2.2}% 26
\BOOKMARK [2][-]{subsection.2.2.4}{Mix cascades}{section.2.2}% 27
\BOOKMARK [1][-]{section.2.3}{Other}{chapter.2}% 28
\BOOKMARK [2][-]{subsection.2.3.1}{Ethics of the Internet}{section.2.3}% 29
\BOOKMARK [0][-]{chapter.3}{Analysis of current situation}{}% 30
\BOOKMARK [1][-]{section.3.1}{Current state of common Technology}{chapter.3}% 31
\BOOKMARK [1][-]{section.3.2}{Current state of available Technology}{chapter.3}% 32
\BOOKMARK [1][-]{section.3.3}{Missing Gap}{chapter.3}% 33
\BOOKMARK [0][-]{chapter.4}{Designing an approach}{}% 34
\BOOKMARK [1][-]{section.4.1}{Defining system boundaries}{chapter.4}% 35
\BOOKMARK [1][-]{section.4.2}{Basic Requirements of an aproach}{chapter.4}% 36
\BOOKMARK [0][-]{chapter.5}{Specifying a target solution}{}% 37
\BOOKMARK [0][-]{chapter.6}{Analysis of solution}{}% 38
\BOOKMARK [1][-]{section.6.1}{User acceptance of the target system}{chapter.6}% 39
\BOOKMARK [1][-]{section.6.2}{Admin acceptance of the target system}{chapter.6}% 40
\BOOKMARK [1][-]{section.6.3}{Possible attacks to the system}{chapter.6}% 41
\BOOKMARK [0][-]{Appendix.1.A}{Appendix Definitions}{}% 42
