This is pdfTeX, Version 3.1415926-2.4-1.40.13 (MiKTeX 2.9) (preloaded format=pdflatex 2014.5.4)  5 MAY 2014 09:31
entering extended mode
**G:/Documents/AnonMail/doc/AnonMail.tex
(G:/Documents/AnonMail/doc/AnonMail.tex
LaTeX2e <2011/06/27>
Babel <v3.8m> and hyphenation patterns for english, afrikaans, ancientgreek, ar
abic, armenian, assamese, basque, bengali, bokmal, bulgarian, catalan, coptic, 
croatian, czech, danish, dutch, esperanto, estonian, farsi, finnish, french, ga
lician, german, german-x-2012-05-30, greek, gujarati, hindi, hungarian, iceland
ic, indonesian, interlingua, irish, italian, kannada, kurmanji, latin, latvian,
 lithuanian, malayalam, marathi, mongolian, mongolianlmc, monogreek, ngerman, n
german-x-2012-05-30, nynorsk, oriya, panjabi, pinyin, polish, portuguese, roman
ian, russian, sanskrit, serbian, slovak, slovenian, spanish, swedish, swissgerm
an, tamil, telugu, turkish, turkmen, ukenglish, ukrainian, uppersorbian, usengl
ishmax, welsh, loaded.
(w:\Programme\miktex\tex\latex\koma-script\scrbook.cls
Document Class: scrbook 2013/12/19 v3.12 KOMA-Script document class (book)
(w:\Programme\miktex\tex\latex\koma-script\scrkbase.sty
Package: scrkbase 2013/12/19 v3.12 KOMA-Script package (KOMA-Script-dependent b
asics and keyval usage)

(w:\Programme\miktex\tex\latex\koma-script\scrbase.sty
Package: scrbase 2013/12/19 v3.12 KOMA-Script package (KOMA-Script-independent 
basics and keyval usage)

(w:\Programme\miktex\tex\latex\graphics\keyval.sty
Package: keyval 1999/03/16 v1.13 key=value parser (DPC)
\KV@toks@=\toks14
)
(w:\Programme\miktex\tex\latex\koma-script\scrlfile.sty
Package: scrlfile 2013/12/19 v3.12 KOMA-Script package (loading files)

Package scrlfile, 2013/12/19 v3.12 KOMA-Script package (loading files)
                  Copyright (C) Markus Kohm

))) (w:\Programme\miktex\tex\latex\koma-script\tocbasic.sty
Package: tocbasic 2013/12/19 v3.12 KOMA-Script package (handling toc-files)
)
Package tocbasic Info: omitting babel extension for `toc'
(tocbasic)             because of feature `nobabel' available
(tocbasic)             for `toc' on input line 117.
Package tocbasic Info: omitting babel extension for `lof'
(tocbasic)             because of feature `nobabel' available
(tocbasic)             for `lof' on input line 118.
Package tocbasic Info: omitting babel extension for `lot'
(tocbasic)             because of feature `nobabel' available
(tocbasic)             for `lot' on input line 119.
Package tocbasic Info: defining new hook before heading of `' on input line 111
8.
Package scrbook Info: You've used standard option `10pt'.
(scrbook)             This is correct!
(scrbook)             Internally I'm using `fontsize=10pt'.
(scrbook)             If you'd like to set the option with \KOMAoptions,
(scrbook)             you'd have to use `fontsize=10pt' there
(scrbook)             instead of `10pt', too.
Class scrbook Info: File `scrsize10pt.clo' used to setup font sizes on input li
ne 1655.

(w:\Programme\miktex\tex\latex\koma-script\scrsize10pt.clo
File: scrsize10pt.clo 2013/12/19 v3.12 KOMA-Script font size class option (10pt
)
)
(w:\Programme\miktex\tex\latex\koma-script\typearea.sty
Package: typearea 2013/12/19 v3.12 KOMA-Script package (type area)

Package typearea, 2013/12/19 v3.12 KOMA-Script package (type area)
                  Copyright (C) Frank Neukam, 1992-1994
                  Copyright (C) Markus Kohm, 1994-

\ta@bcor=\skip41
\ta@div=\count79
Package typearea Info: You've used standard option `a4paper'.
(typearea)             This is correct!
(typearea)             Internally I'm using `paper=a4'.
(typearea)             If you'd like to set the option with \KOMAoptions,
(typearea)             you'd have to use `paper=a4' there
(typearea)             instead of `a4paper', too.
\ta@hblk=\skip42
\ta@vblk=\skip43
\ta@temp=\skip44
\footheight=\skip45
Package typearea Info: These are the values describing the layout:
(typearea)             DIV  = 8
(typearea)             BCOR = 0.0pt
(typearea)             \paperwidth      = 597.50793pt
(typearea)              \textwidth      = 373.44246pt
(typearea)              DIV departure   = -4%
(typearea)              \evensidemargin = 77.107pt
(typearea)              \oddsidemargin  = 2.4185pt
(typearea)             \paperheight     = 845.04694pt
(typearea)              \textheight     = 538.0pt
(typearea)              \topmargin      = 0.36087pt
(typearea)              \headheight     = 15.0pt
(typearea)              \headsep        = 18.0pt
(typearea)              \topskip        = 10.0pt
(typearea)              \footskip       = 42.0pt
(typearea)              \baselineskip   = 12.0pt
(typearea)              on input line 1330.
)
\c@part=\count80
\c@chapter=\count81
\c@section=\count82
\c@subsection=\count83
\c@subsubsection=\count84
\c@paragraph=\count85
\c@subparagraph=\count86
\abovecaptionskip=\skip46
\belowcaptionskip=\skip47
\c@pti@nb@sid@b@x=\box26
\c@figure=\count87
\c@table=\count88
\bibindent=\dimen102
) (w:\Programme\miktex\tex\latex\svn\svn.sty
Package: svn 2007/09/25 r43 Typeset Subversion keywords.
)
(w:\Programme\miktex\tex\latex\koma-script\scrhack.sty
Package: scrhack 2013/12/19 v3.12 KOMA-Script package 
)
(w:\Programme\miktex\tex\latex\biblatex\biblatex.sty
Package: biblatex 2013/10/26 v2.8 programmable bibliographies (PK/JW/AB)

(w:\Programme\miktex\tex\latex\biblatex\biblatex1.sty
Package: biblatex1 2013/10/26 v2.8 programmable bibliographies (bibtex) (PK/JW/
AB)

(w:\Programme\miktex\tex\latex\etoolbox\etoolbox.sty
Package: etoolbox 2011/01/03 v2.1 e-TeX tools for LaTeX

(w:\Programme\miktex\tex\latex\misc\etex.sty
Package: etex 1998/03/26 v2.0 eTeX basic definition package (PEB)
\et@xins=\count89
)
\etb@tempcnta=\count90
)
(w:\Programme\miktex\tex\latex\logreq\logreq.sty
Package: logreq 2010/08/04 v1.0 xml request logger
\lrq@indent=\count91

(w:\Programme\miktex\tex\latex\logreq\logreq.def
File: logreq.def 2010/08/04 v1.0 logreq spec v1.0
))
(w:\Programme\miktex\tex\latex\base\ifthen.sty
Package: ifthen 2001/05/26 v1.1c Standard LaTeX ifthen package (DPC)
)
(w:\Programme\miktex\tex\latex\ltxmisc\url.sty
\Urlmuskip=\muskip10
Package: url 2006/04/12  ver 3.3  Verb mode for urls, etc.
)
\c@tabx@nest=\count92
\c@listtotal=\count93
\c@listcount=\count94
\c@liststart=\count95
\c@liststop=\count96
\c@citecount=\count97
\c@citetotal=\count98
\c@multicitecount=\count99
\c@multicitetotal=\count100
\c@instcount=\count101
\c@maxnames=\count102
\c@minnames=\count103
\c@maxitems=\count104
\c@minitems=\count105
\c@citecounter=\count106
\c@savedcitecounter=\count107
\c@uniquelist=\count108
\c@uniquename=\count109
\c@refsection=\count110
\c@refsegment=\count111
\c@maxextrayear=\count112
\c@maxextraalpha=\count113
\c@abbrvpenalty=\count114
\c@highnamepenalty=\count115
\c@lownamepenalty=\count116
\c@maxparens=\count117
\c@parenlevel=\count118
\blx@tempcnta=\count119
\blx@tempcntb=\count120
\blx@tempcntc=\count121
\blx@maxsection=\count122
\blx@maxsegment=\count123
\blx@notetype=\count124
\blx@parenlevel@text=\count125
\blx@parenlevel@foot=\count126
\labelnumberwidth=\skip48
\labelalphawidth=\skip49
\shorthandwidth=\skip50
\biblabelsep=\skip51
\bibitemsep=\skip52
\bibnamesep=\skip53
\bibinitsep=\skip54
\bibparsep=\skip55
\bibhang=\skip56
\blx@auxin=\read1
\blx@auxout=\write3
\c@mincomprange=\count127
\c@maxcomprange=\count128
\c@mincompwidth=\count129
\c@labelname=\count130
\c@savedlabelname=\count131
\c@author=\count132
\c@savedauthor=\count133
\c@shortauthor=\count134
\c@savedshortauthor=\count135
\c@editor=\count136
\c@savededitor=\count137
\c@editora=\count138
\c@savededitora=\count139
\c@editorb=\count140
\c@savededitorb=\count141
\c@editorc=\count142
\c@savededitorc=\count143
\c@shorteditor=\count144
\c@savedshorteditor=\count145
\c@bookauthor=\count146
\c@savedbookauthor=\count147
\c@translator=\count148
\c@savedtranslator=\count149
\c@annotator=\count150
\c@savedannotator=\count151
\c@commentator=\count152
\c@savedcommentator=\count153
\c@introduction=\count154
\c@savedintroduction=\count155
\c@foreword=\count156
\c@savedforeword=\count157
\c@afterword=\count158
\c@savedafterword=\count159
\c@holder=\count160
\c@savedholder=\count161
\c@namea=\count162
\c@savednamea=\count163
\c@nameb=\count164
\c@savednameb=\count165
\c@namec=\count166
\c@savednamec=\count167
\c@institution=\count168
\c@savedinstitution=\count169
\c@language=\count170
\c@savedlanguage=\count171
\c@location=\count172
\c@savedlocation=\count173
\c@organization=\count174
\c@savedorganization=\count175
\c@origlocation=\count176
\c@savedoriglocation=\count177
\c@origpublisher=\count178
\c@savedorigpublisher=\count179
\c@pageref=\count180
\c@savedpageref=\count181
\c@publisher=\count182
\c@savedpublisher=\count183
\c@lista=\count184
\c@savedlista=\count185
\c@listb=\count186
\c@savedlistb=\count187
\c@listc=\count188
\c@savedlistc=\count189
\c@listd=\count190
\c@savedlistd=\count191
\c@liste=\count192
\c@savedliste=\count193
\c@listf=\count194
\c@savedlistf=\count195
Package biblatex Info: Trying to load compatibility code...
Package biblatex Info: ... file 'blx-compat.def' found.

(w:\Programme\miktex\tex\latex\biblatex\blx-compat.def
File: blx-compat.def 2013/10/26 v2.8 biblatex compatibility (PK/JW/AB)
)
Package biblatex Info: Trying to load generic definitions...
Package biblatex Info: ... file 'biblatex.def' found.

(w:\Programme\miktex\tex\latex\biblatex\biblatex.def
File: biblatex.def 
\c@textcitecount=\count196
\c@textcitetotal=\count197
\c@textcitemaxnames=\count198
\c@biburlnumpenalty=\count199
\c@biburlucpenalty=\count200
\c@biburllcpenalty=\count201
\c@smartand=\count202
)
Package biblatex Info: Trying to load bibliography style 'numeric'...
Package biblatex Info: ... file 'numeric.bbx' found.

(w:\Programme\miktex\tex\latex\biblatex\bbx\numeric.bbx
File: numeric.bbx 2013/10/26 v2.8 biblatex bibliography style (PK/JW/AB)
Package biblatex Info: Trying to load bibliography style 'standard'...
Package biblatex Info: ... file 'standard.bbx' found.

(w:\Programme\miktex\tex\latex\biblatex\bbx\standard.bbx
File: standard.bbx 2013/10/26 v2.8 biblatex bibliography style (PK/JW/AB)
\c@bbx:relatedcount=\count203
\c@bbx:relatedtotal=\count204
))
Package biblatex Info: Trying to load citation style 'numeric'...
Package biblatex Info: ... file 'numeric.cbx' found.

(w:\Programme\miktex\tex\latex\biblatex\cbx\numeric.cbx
File: numeric.cbx 2013/10/26 v2.8 biblatex citation style (PK/JW/AB)
Package biblatex Info: Redefining '\cite'.
Package biblatex Info: Redefining '\parencite'.
Package biblatex Info: Redefining '\footcite'.
Package biblatex Info: Redefining '\footcitetext'.
Package biblatex Info: Redefining '\smartcite'.
Package biblatex Info: Redefining '\supercite'.
Package biblatex Info: Redefining '\textcite'.
Package biblatex Info: Redefining '\textcites'.
Package biblatex Info: Redefining '\cites'.
Package biblatex Info: Redefining '\parencites'.
Package biblatex Info: Redefining '\smartcites'.
)
Package biblatex Info: Trying to load configuration file...
Package biblatex Info: ... file 'biblatex.cfg' found.

(w:\Programme\miktex\tex\latex\biblatex\biblatex.cfg
File: biblatex.cfg 
)))
(w:\Programme\miktex\tex\latex\csquotes\csquotes.sty
Package: csquotes 2011/10/22 v5.1d context-sensitive quotations
\csq@reset=\count205
\csq@gtype=\count206
\csq@glevel=\count207
\csq@qlevel=\count208
\csq@maxlvl=\count209
\csq@tshold=\count210
\csq@ltx@everypar=\toks15

(w:\Programme\miktex\tex\latex\csquotes\csquotes.def
File: csquotes.def 2011/10/22 v5.1d csquotes generic definitions
)
Package csquotes Info: Trying to load configuration file 'csquotes.cfg'...
Package csquotes Info: ... configuration file loaded successfully.

(w:\Programme\miktex\tex\latex\csquotes\csquotes.cfg
File: csquotes.cfg 
))
(w:\Programme\miktex\tex\latex\tools\array.sty
Package: array 2008/09/09 v2.4c Tabular extension package (FMi)
\col@sep=\dimen103
\extrarowheight=\dimen104
\NC@list=\toks16
\extratabsurround=\skip57
\backup@length=\skip58
)
(w:\Programme\miktex\tex\latex\float\float.sty
Package: float 2001/11/08 v1.3d Float enhancements (AL)
\c@float@type=\count211
\float@exts=\toks17
\float@box=\box27
\@float@everytoks=\toks18
\@floatcapt=\box28
)
Package scrhack Info: loading float hack on input line 33.

(w:\Programme\miktex\tex\latex\koma-script\float.hak
File: float.hak 2013/12/19 v3.12 KOMA-Script package (hacking package float)
Package scrhack Info: redefining \newfloat on input line 161.
Package scrhack Info: redefining \listof on input line 161.
Package scrhack Info: undefining \float@addtolists on input line 161.
)
(w:\Programme\miktex\tex\latex\graphics\graphicx.sty
Package: graphicx 1999/02/16 v1.0f Enhanced LaTeX Graphics (DPC,SPQR)

(w:\Programme\miktex\tex\latex\graphics\graphics.sty
Package: graphics 2009/02/05 v1.0o Standard LaTeX Graphics (DPC,SPQR)

(w:\Programme\miktex\tex\latex\graphics\trig.sty
Package: trig 1999/03/16 v1.09 sin cos tan (DPC)
)
(w:\Programme\miktex\tex\latex\00miktex\graphics.cfg
File: graphics.cfg 2007/01/18 v1.5 graphics configuration of teTeX/TeXLive
)
Package graphics Info: Driver file: pdftex.def on input line 91.

(w:\Programme\miktex\tex\latex\pdftex-def\pdftex.def
File: pdftex.def 2011/05/27 v0.06d Graphics/color for pdfTeX

(w:\Programme\miktex\tex\generic\oberdiek\infwarerr.sty
Package: infwarerr 2010/04/08 v1.3 Providing info/warning/error messages (HO)
)
(w:\Programme\miktex\tex\generic\oberdiek\ltxcmds.sty
Package: ltxcmds 2011/11/09 v1.22 LaTeX kernel commands for general use (HO)
)
\Gread@gobject=\count212
))
\Gin@req@height=\dimen105
\Gin@req@width=\dimen106
)
(w:\Programme\miktex\tex\latex\supertabular\supertabular.sty
Package: supertabular 2004/02/20 v4.1e the supertabular environment
\c@tracingst=\count213
\ST@wd=\dimen107
\ST@rightskip=\skip59
\ST@leftskip=\skip60
\ST@parfillskip=\skip61
\ST@pageleft=\dimen108
\ST@headht=\dimen109
\ST@tailht=\dimen110
\ST@pagesofar=\dimen111
\ST@pboxht=\dimen112
\ST@lineht=\dimen113
\ST@stretchht=\dimen114
\ST@prevht=\dimen115
\ST@toadd=\dimen116
\ST@dimen=\dimen117
\ST@pbox=\box29
)
(w:\Programme\miktex\tex\latex\hyperref\hyperref.sty
Package: hyperref 2012/11/06 v6.83m Hypertext links for LaTeX

(w:\Programme\miktex\tex\generic\oberdiek\hobsub-hyperref.sty
Package: hobsub-hyperref 2012/04/25 v1.12 Bundle oberdiek, subset hyperref (HO)


(w:\Programme\miktex\tex\generic\oberdiek\hobsub-generic.sty
Package: hobsub-generic 2012/04/25 v1.12 Bundle oberdiek, subset generic (HO)
Package: hobsub 2012/04/25 v1.12 Construct package bundles (HO)
Package hobsub Info: Skipping package `infwarerr' (already loaded).
Package hobsub Info: Skipping package `ltxcmds' (already loaded).
Package: ifluatex 2010/03/01 v1.3 Provides the ifluatex switch (HO)
Package ifluatex Info: LuaTeX not detected.
Package: ifvtex 2010/03/01 v1.5 Detect VTeX and its facilities (HO)
Package ifvtex Info: VTeX not detected.
Package: intcalc 2007/09/27 v1.1 Expandable calculations with integers (HO)
Package: ifpdf 2011/01/30 v2.3 Provides the ifpdf switch (HO)
Package ifpdf Info: pdfTeX in PDF mode is detected.
Package: etexcmds 2011/02/16 v1.5 Avoid name clashes with e-TeX commands (HO)
Package etexcmds Info: Could not find \expanded.
(etexcmds)             That can mean that you are not using pdfTeX 1.50 or
(etexcmds)             that some package has redefined \expanded.
(etexcmds)             In the latter case, load this package earlier.
Package: kvsetkeys 2012/04/25 v1.16 Key value parser (HO)
Package: kvdefinekeys 2011/04/07 v1.3 Define keys (HO)
Package: pdftexcmds 2011/11/29 v0.20 Utility functions of pdfTeX for LuaTeX (HO
)
Package pdftexcmds Info: LuaTeX not detected.
Package pdftexcmds Info: \pdf@primitive is available.
Package pdftexcmds Info: \pdf@ifprimitive is available.
Package pdftexcmds Info: \pdfdraftmode found.
Package: pdfescape 2011/11/25 v1.13 Implements pdfTeX's escape features (HO)
Package: bigintcalc 2012/04/08 v1.3 Expandable calculations on big integers (HO
)
Package: bitset 2011/01/30 v1.1 Handle bit-vector datatype (HO)
Package: uniquecounter 2011/01/30 v1.2 Provide unlimited unique counter (HO)
)
Package hobsub Info: Skipping package `hobsub' (already loaded).
Package: letltxmacro 2010/09/02 v1.4 Let assignment for LaTeX macros (HO)
Package: hopatch 2011/06/24 v1.1 Wrapper for package hooks (HO)
Package: xcolor-patch 2011/01/30 xcolor patch
Package: atveryend 2011/06/30 v1.8 Hooks at the very end of document (HO)
Package: atbegshi 2011/10/05 v1.16 At begin shipout hook (HO)
Package: refcount 2011/10/16 v3.4 Data extraction from label references (HO)
Package: hycolor 2011/01/30 v1.7 Color options for hyperref/bookmark (HO)
)
(w:\Programme\miktex\tex\generic\ifxetex\ifxetex.sty
Package: ifxetex 2010/09/12 v0.6 Provides ifxetex conditional
)
(w:\Programme\miktex\tex\latex\oberdiek\auxhook.sty
Package: auxhook 2011/03/04 v1.3 Hooks for auxiliary files (HO)
)
(w:\Programme\miktex\tex\latex\oberdiek\kvoptions.sty
Package: kvoptions 2011/06/30 v3.11 Key value format for package options (HO)
)
\@linkdim=\dimen118
\Hy@linkcounter=\count214
\Hy@pagecounter=\count215

(w:\Programme\miktex\tex\latex\hyperref\pd1enc.def
File: pd1enc.def 2012/11/06 v6.83m Hyperref: PDFDocEncoding definition (HO)
)
\Hy@SavedSpaceFactor=\count216

(w:\Programme\miktex\tex\latex\00miktex\hyperref.cfg
File: hyperref.cfg 2002/06/06 v1.2 hyperref configuration of TeXLive
)
Package hyperref Info: Option `pdfusetitle' set `true' on input line 4319.
Package hyperref Info: Hyper figures OFF on input line 4443.
Package hyperref Info: Link nesting OFF on input line 4448.
Package hyperref Info: Hyper index ON on input line 4451.
Package hyperref Info: Plain pages OFF on input line 4458.
Package hyperref Info: Backreferencing OFF on input line 4463.
Package hyperref Info: Implicit mode ON; LaTeX internals redefined.
Package hyperref Info: Bookmarks ON on input line 4688.
\c@Hy@tempcnt=\count217
LaTeX Info: Redefining \url on input line 5041.
\XeTeXLinkMargin=\dimen119
\Fld@menulength=\count218
\Field@Width=\dimen120
\Fld@charsize=\dimen121
Package hyperref Info: Hyper figures OFF on input line 6295.
Package hyperref Info: Link nesting OFF on input line 6300.
Package hyperref Info: Hyper index ON on input line 6303.
Package hyperref Info: backreferencing OFF on input line 6310.
Package hyperref Info: Link coloring OFF on input line 6315.
Package hyperref Info: Link coloring with OCG OFF on input line 6320.
Package hyperref Info: PDF/A mode OFF on input line 6325.
LaTeX Info: Redefining \ref on input line 6365.
LaTeX Info: Redefining \pageref on input line 6369.
\Hy@abspage=\count219
\c@Item=\count220
\c@Hfootnote=\count221
)
Package scrhack Info: hyperref hack deactivated because of
(scrhack)             detection of hyperref version, that doesn't
(scrhack)             need that hack, on input line 42.


Package hyperref Message: Driver (autodetected): hpdftex.

(w:\Programme\miktex\tex\latex\hyperref\hpdftex.def
File: hpdftex.def 2012/11/06 v6.83m Hyperref driver for pdfTeX
\Fld@listcount=\count222
\c@bookmark@seq@number=\count223

(w:\Programme\miktex\tex\latex\oberdiek\rerunfilecheck.sty
Package: rerunfilecheck 2011/04/15 v1.7 Rerun checks for auxiliary files (HO)
Package uniquecounter Info: New unique counter `rerunfilecheck' on input line 2
82.
)
\Hy@SectionHShift=\skip62
)
(w:\Programme\miktex\tex\latex\caption\caption.sty
Package: caption 2013/05/02 v3.3-89 Customizing captions (AR)

(w:\Programme\miktex\tex\latex\caption\caption3.sty
Package: caption3 2013/05/02 v1.6-88 caption3 kernel (AR)
Package caption3 Info: TeX engine: e-TeX on input line 57.
\captionmargin=\dimen122
\captionmargin@=\dimen123
\captionwidth=\dimen124
\caption@tempdima=\dimen125
\caption@indent=\dimen126
\caption@parindent=\dimen127
\caption@hangindent=\dimen128
)
Package caption Info: KOMA-Script document class.
\c@ContinuedFloat=\count224
Package caption Info: float package is loaded.
Package caption Info: hyperref package is loaded.
Package caption Info: supertabular package is loaded.
)
(w:\Programme\miktex\tex\latex\attachfile\attachfile.sty
Package: attachfile 2011/03/27 v1.5b PDF 1.3+ file attachment

(w:\Programme\miktex\tex\latex\tools\calc.sty
Package: calc 2007/08/22 v4.3 Infix arithmetic (KKT,FJ)
\calc@Acount=\count225
\calc@Bcount=\count226
\calc@Adimen=\dimen129
\calc@Bdimen=\dimen130
\calc@Askip=\skip63
\calc@Bskip=\skip64
LaTeX Info: Redefining \setlength on input line 76.
LaTeX Info: Redefining \addtolength on input line 77.
\calc@Ccount=\count227
\calc@Cskip=\skip65
)
(w:\Programme\miktex\tex\latex\graphics\color.sty
Package: color 2005/11/14 v1.0j Standard LaTeX Color (DPC)

(w:\Programme\miktex\tex\latex\00miktex\color.cfg
File: color.cfg 2007/01/18 v1.5 color configuration of teTeX/TeXLive
)
Package color Info: Driver file: pdftex.def on input line 130.
)
\c@atfi@tmp=\count228
\atfi@appearancewidth=\skip66
\atfi@appearanceheight=\skip67
\atfi@appearancedepth=\skip68
\atfi@appearancebox=\box30
)
(w:\Programme\miktex\tex\generic\babel\babel.sty
Package: babel 2008/07/08 v3.8m The Babel package

*************************************
* Local config file bblopts.cfg used
*
(w:\Programme\miktex\tex\latex\00miktex\bblopts.cfg
File: bblopts.cfg 2006/07/31 v1.0 MiKTeX 'babel' configuration
)
(w:\Programme\miktex\tex\generic\babel\english.ldf
Language: english 2005/03/30 v3.3o English support from the babel system

(w:\Programme\miktex\tex\generic\babel\babel.def
File: babel.def 2008/07/08 v3.8m Babel common definitions
\babel@savecnt=\count229
\U@D=\dimen131
)
\l@canadian = a dialect from \language\l@american 
\l@australian = a dialect from \language\l@british 
\l@newzealand = a dialect from \language\l@british 
))
(w:\Programme\miktex\tex\latex\fancyref\fancyref.sty
Package: fancyref 1999/02/03 v0.9c Fancy cross-referencing

(w:\Programme\miktex\tex\latex\tools\varioref.sty
Package: varioref 2011/10/02 v1.4z package for extended references (FMi)
\c@vrcnt=\count230
))
(w:\Programme\miktex\tex\latex\base\makeidx.sty
Package: makeidx 2000/03/29 v1.0m Standard LaTeX package
)
\@indexfile=\write4

Writing index file AnonMail.idx
(w:\Programme\miktex\tex\latex\appendix\appendix.sty
Package: appendix 2009/09/02 v1.2b extra appendix facilities
\c@@pps=\count231
\c@@ppsavesec=\count232
\c@@ppsaveapp=\count233
)
(w:\Programme\miktex\tex\latex\base\fontenc.sty
Package: fontenc 2005/09/27 v1.99g Standard LaTeX package

(w:\Programme\miktex\tex\latex\base\t1enc.def
File: t1enc.def 2005/09/27 v1.99g Standard LaTeX file
LaTeX Font Info:    Redeclaring font encoding T1 on input line 43.
))
(w:\Programme\miktex\tex\latex\psnfss\times.sty
Package: times 2005/04/12 PSNFSS-v9.2a (SPQR) 
)
(w:\Programme\miktex\tex\latex\amsmath\amsmath.sty
Package: amsmath 2013/01/14 v2.14 AMS math features
\@mathmargin=\skip69

For additional information on amsmath, use the `?' option.
(w:\Programme\miktex\tex\latex\amsmath\amstext.sty
Package: amstext 2000/06/29 v2.01

(w:\Programme\miktex\tex\latex\amsmath\amsgen.sty
File: amsgen.sty 1999/11/30 v2.0
\@emptytoks=\toks19
\ex@=\dimen132
))
(w:\Programme\miktex\tex\latex\amsmath\amsbsy.sty
Package: amsbsy 1999/11/29 v1.2d
\pmbraise@=\dimen133
)
(w:\Programme\miktex\tex\latex\amsmath\amsopn.sty
Package: amsopn 1999/12/14 v2.01 operator names
)
Normal \count register pool exhausted, switching to extended pool.
\inf@bad=\count277
LaTeX Info: Redefining \frac on input line 210.
\uproot@=\count278
\leftroot@=\count279
LaTeX Info: Redefining \overline on input line 306.
\classnum@=\count280
\DOTSCASE@=\count281
LaTeX Info: Redefining \ldots on input line 378.
LaTeX Info: Redefining \dots on input line 381.
LaTeX Info: Redefining \cdots on input line 466.
\Mathstrutbox@=\box31
\strutbox@=\box32
\big@size=\dimen134
LaTeX Font Info:    Redeclaring font encoding OML on input line 566.
LaTeX Font Info:    Redeclaring font encoding OMS on input line 567.
\macc@depth=\count282
\c@MaxMatrixCols=\count283
\dotsspace@=\muskip11
\c@parentequation=\count284
\dspbrk@lvl=\count285
\tag@help=\toks20
\row@=\count286
\column@=\count287
\maxfields@=\count288
\andhelp@=\toks21
\eqnshift@=\dimen135
\alignsep@=\dimen136
\tagshift@=\dimen137
\tagwidth@=\dimen138
\totwidth@=\dimen139
\lineht@=\dimen140
\@envbody=\toks22
\multlinegap=\skip70
\multlinetaggap=\skip71
\mathdisplay@stack=\toks23
LaTeX Info: Redefining \[ on input line 2665.
LaTeX Info: Redefining \] on input line 2666.
)
(w:\Programme\miktex\tex\latex\tools\verbatim.sty
Package: verbatim 2003/08/22 v1.5q LaTeX2e package for verbatim enhancements
\every@verbatim=\toks24
\verbatim@line=\toks25
\verbatim@in@stream=\read2
)
(w:\Programme\miktex\tex\latex\tools\afterpage.sty
Package: afterpage 1995/10/27 v1.08 After-Page Package (DPC)
\AP@output=\toks26
\AP@partial=\box33
\AP@footins=\box34
)
(w:\Programme\miktex\tex\latex\xcolor\xcolor.sty
Package: xcolor 2007/01/21 v2.11 LaTeX color extensions (UK)

(w:\Programme\miktex\tex\latex\00miktex\color.cfg
File: color.cfg 2007/01/18 v1.5 color configuration of teTeX/TeXLive
)
Package xcolor Info: Driver file: pdftex.def on input line 225.
LaTeX Info: Redefining \color on input line 702.
Package xcolor Info: Model `cmy' substituted by `cmy0' on input line 1337.
Package xcolor Info: Model `hsb' substituted by `rgb' on input line 1341.
Package xcolor Info: Model `RGB' extended on input line 1353.
Package xcolor Info: Model `HTML' substituted by `rgb' on input line 1355.
Package xcolor Info: Model `Hsb' substituted by `hsb' on input line 1356.
Package xcolor Info: Model `tHsb' substituted by `hsb' on input line 1357.
Package xcolor Info: Model `HSB' substituted by `hsb' on input line 1358.
Package xcolor Info: Model `Gray' substituted by `gray' on input line 1359.
Package xcolor Info: Model `wave' substituted by `hsb' on input line 1360.
)
(w:\Programme\miktex\tex\latex\hanging\hanging.sty
Package: hanging 2009/09/02 v1.2b hanging paragraphs and punctuation
\h@ngcommawd=\skip72
\h@ngfstopwd=\skip73
\h@ngquotewd=\skip74
\h@ngdquotewd=\skip75
\h@ngquerywd=\skip76
\h@ngexclwd=\skip77
\h@ngcolonwd=\skip78
\h@ngscolonwd=\skip79
)
(w:\Programme\miktex\tex\latex\ms\ragged2e.sty
Package: ragged2e 2009/05/21 v2.1 ragged2e Package (MS)

(w:\Programme\miktex\tex\latex\ms\everysel.sty
Package: everysel 2011/10/28 v1.2 EverySelectfont Package (MS)
)
\CenteringLeftskip=\skip80
\RaggedLeftLeftskip=\skip81
\RaggedRightLeftskip=\skip82
\CenteringRightskip=\skip83
\RaggedLeftRightskip=\skip84
\RaggedRightRightskip=\skip85
\CenteringParfillskip=\skip86
\RaggedLeftParfillskip=\skip87
\RaggedRightParfillskip=\skip88
\JustifyingParfillskip=\skip89
\CenteringParindent=\skip90
\RaggedLeftParindent=\skip91
\RaggedRightParindent=\skip92
\JustifyingParindent=\skip93
)
Package biblatex Info: Trying to load language 'english'...
Package biblatex Info: ... file 'english.lbx' found.

(w:\Programme\miktex\tex\latex\biblatex\lbx\english.lbx
File: english.lbx 2013/10/26 v2.8 biblatex localization (PK/JW/AB)
)
Package csquotes Info: Checking for multilingual support...
Package csquotes Info: ... found 'babel' package.
Package csquotes Info: Adjusting default style.
Package csquotes Info: Redefining alias 'default' -> 'english'.

(G:\Documents\AnonMail\doc\AnonMail.aux)
LaTeX Font Info:    Checking defaults for OML/cmm/m/it on input line 100.
LaTeX Font Info:    ... okay on input line 100.
LaTeX Font Info:    Checking defaults for T1/cmr/m/n on input line 100.
LaTeX Font Info:    ... okay on input line 100.
LaTeX Font Info:    Checking defaults for OT1/cmr/m/n on input line 100.
LaTeX Font Info:    ... okay on input line 100.
LaTeX Font Info:    Checking defaults for OMS/cmsy/m/n on input line 100.
LaTeX Font Info:    ... okay on input line 100.
LaTeX Font Info:    Checking defaults for OMX/cmex/m/n on input line 100.
LaTeX Font Info:    ... okay on input line 100.
LaTeX Font Info:    Checking defaults for U/cmr/m/n on input line 100.
LaTeX Font Info:    ... okay on input line 100.
LaTeX Font Info:    Checking defaults for PD1/pdf/m/n on input line 100.
LaTeX Font Info:    ... okay on input line 100.
LaTeX Font Info:    Try loading font information for T1+phv on input line 100.

(w:\Programme\miktex\tex\latex\psnfss\t1phv.fd
File: t1phv.fd 2001/06/04 scalable font definitions for T1/phv.
)
Package biblatex Info: No input encoding detected.
(biblatex)             Assuming 'ascii'.
Package biblatex Info: Automatic encoding selection.
(biblatex)             Assuming data encoding 'ascii'.
Package biblatex Info: Trying to load bibliographic data...
Package biblatex Info: ... file 'AnonMail.bbl' found.

(G:\Documents\AnonMail\doc\AnonMail.bbl)
Package biblatex Info: Reference section=0 on input line 100.
Package biblatex Info: Reference segment=0 on input line 100.

(w:\Programme\miktex\tex\context\base\supp-pdf.mkii
[Loading MPS to PDF converter (version 2006.09.02).]
\scratchcounter=\count289
\scratchdimen=\dimen141
\scratchbox=\box35
\nofMPsegments=\count290
\nofMParguments=\count291
\everyMPshowfont=\toks27
\MPscratchCnt=\count292
\MPscratchDim=\dimen142
\MPnumerator=\count293
\makeMPintoPDFobject=\count294
\everyMPtoPDFconversion=\toks28
)
\AtBeginShipoutBox=\box36
Package hyperref Info: Link coloring OFF on input line 100.
 (w:\Programme\miktex\tex\latex\hyperref\nameref.sty
Package: nameref 2012/10/27 v2.43 Cross-referencing by name of section

(w:\Programme\miktex\tex\generic\oberdiek\gettitlestring.sty
Package: gettitlestring 2010/12/03 v1.4 Cleanup title references (HO)
)
\c@section@level=\count295
LaTeX Info: Redefining \Ref on input line 513.
)
LaTeX Info: Redefining \ref on input line 100.
LaTeX Info: Redefining \pageref on input line 100.
LaTeX Info: Redefining \nameref on input line 100.

(G:\Documents\AnonMail\doc\AnonMail.out)
(G:\Documents\AnonMail\doc\AnonMail.out)
\@outlinefile=\write5
LaTeX Info: Redefining \Ref on input line 100.
Package caption Info: Begin \AtBeginDocument code.
Package caption Info: End \AtBeginDocument code.

ABD: EverySelectfont initializing macros
LaTeX Info: Redefining \selectfont on input line 100.

(G:\Documents\AnonMail\doc\inc/parts/title.tex
\GPT@outputbox=\box37

<./inc/logo.jpg, id=391, 94.10156pt x 127.97812pt>
File: ./inc/logo.jpg Graphic file (type jpg)
 <use ./inc/logo.jpg>
Package pdftex.def Info: ./inc/logo.jpg used on input line 4.
(pdftex.def)             Requested size: 109.84134pt x 149.3747pt.
LaTeX Font Info:    Font shape `T1/phv/bx/n' in size <20.74> not available
(Font)              Font shape `T1/phv/b/n' tried instead on input line 13.
LaTeX Font Info:    Font shape `T1/phv/bx/n' in size <10> not available
(Font)              Font shape `T1/phv/b/n' tried instead on input line 13.
LaTeX Font Info:    Font shape `T1/phv/m/it' in size <12> not available
(Font)              Font shape `T1/phv/m/sl' tried instead on input line 20.

[1





{C:/ProgramData/MiKTeX/2.9/pdftex/config/pdftex.map} <G:/Documents/AnonMail/doc
/inc/logo.jpg>]) [2


] (G:\Documents\AnonMail\doc\AnonMail.toc
LaTeX Font Info:    Font shape `T1/phv/m/it' in size <10> not available
(Font)              Font shape `T1/phv/m/sl' tried instead on input line 30.
 [3] [4])
\tf@toc=\write6

[5] [6


] (G:\Documents\AnonMail\doc\AnonMail.lot)
\tf@lot=\write7
 [7] [8


]
(G:\Documents\AnonMail\doc\AnonMail.lof)
\tf@lof=\write8
 [9] [10


]
(G:\Documents\AnonMail\doc\inc/parts/intro.tex
Chapter 1.
LaTeX Font Info:    Font shape `T1/phv/bx/n' in size <14.4> not available
(Font)              Font shape `T1/phv/b/n' tried instead on input line 4.
LaTeX Font Info:    Try loading font information for OMS+phv on input line 10.
(w:\Programme\miktex\tex\latex\psnfss\omsphv.fd
File: omsphv.fd 
)
LaTeX Font Info:    Font shape `OMS/phv/m/n' in size <10> not available
(Font)              Font shape `OMS/cmsy/m/n' tried instead on input line 10.
 [1


] [2]
Underfull \vbox (badness 4454) has occurred while \output is active []

 [3])
(G:\Documents\AnonMail\doc\inc/parts/theory.tex [4]
Chapter 2.
<inc/MailAgents1.pdf, id=594, 2321.67375pt x 2890.8pt>
File: inc/MailAgents1.pdf Graphic file (type pdf)

<use inc/MailAgents1.pdf>
Package pdftex.def Info: inc/MailAgents1.pdf used on input line 10.
(pdftex.def)             Requested size: 373.44246pt x 464.9635pt.

Underfull \vbox (badness 10000) has occurred while \output is active []

 [5


]
Underfull \vbox (badness 10000) has occurred while \output is active []

 [6 <G:/Documents/AnonMail/doc/inc/MailAgents1.pdf>]
LaTeX Font Info:    Font shape `T1/phv/bx/n' in size <12> not available
(Font)              Font shape `T1/phv/b/n' tried instead on input line 26.
 [7] [8]
LaTeX Font Info:    Font shape `T1/phv/bx/it' in size <12> not available
(Font)              Font shape `T1/phv/b/it' tried instead on input line 60.
LaTeX Font Info:    Font shape `T1/phv/b/it' in size <12> not available
(Font)              Font shape `T1/phv/b/sl' tried instead on input line 60.
 [9] [10] [11] [12] [13]
LaTeX Font Info:    Try loading font information for T1+pcr on input line 162.

(w:\Programme\miktex\tex\latex\psnfss\t1pcr.fd
File: t1pcr.fd 2001/06/04 font definitions for T1/pcr.
))
(G:\Documents\AnonMail\doc\inc/parts/current.tex [14]
Chapter 3.
[15


]
Underfull \vbox (badness 10000) has occurred while \output is active []

 [16]
[17]) (G:\Documents\AnonMail\doc\inc/parts/analysis.tex [18]
Chapter 4.
[19


]) (G:\Documents\AnonMail\doc\inc/parts/design.tex [20]
Chapter 5.
[21


] [22]
Overfull \hbox (5.59056pt too wide) in paragraph at lines 90--95
 [] 
 []

[23] [24


]
Chapter 6.
<inc/VortexModules.pdf, id=806, 537.00626pt x 265.99374pt>
File: inc/VortexModules.pdf Graphic file (type pdf)

<use inc/VortexModules.pdf>
Package pdftex.def Info: inc/VortexModules.pdf used on input line 113.
(pdftex.def)             Requested size: 373.44246pt x 184.97672pt.

Underfull \vbox (badness 10000) has occurred while \output is active []

 [25]
Underfull \vbox (badness 6125) has occurred while \output is active []

 [26 <G:/Documents/AnonMail/doc/inc/VortexModules.pdf>])
(G:\Documents\AnonMail\doc\inc/parts/verification.tex [27] [28


]
Chapter 7.

Underfull \hbox (badness 2285) in paragraph at lines 18--18
[]\T1/phv/m/n/10 The Sys-tem should trans-port
 []


Underfull \hbox (badness 1028) in paragraph at lines 18--18
[]\T1/phv/m/n/10 Mails should al-ways ar-rive or
 []


Underfull \hbox (badness 10000) in paragraph at lines 19--19
[]\T1/phv/m/n/10 The Sys-tem should of-fer
 []


Underfull \hbox (badness 3364) in paragraph at lines 22--22
[]\T1/phv/m/n/10 Installation should be al-most
 []


Underfull \hbox (badness 2269) in paragraph at lines 37--37
[]|\T1/phv/m/n/10 under heavy load or due to
 []


Underfull \vbox (badness 10000) has occurred while \output is active []

 [29]
[30]) [31] [32


]
LaTeX Font Info:    Font shape `T1/phv/bx/it' in size <10> not available
(Font)              Font shape `T1/phv/b/it' tried instead on input line 161.
LaTeX Font Info:    Font shape `T1/phv/b/it' in size <10> not available
(Font)              Font shape `T1/phv/b/sl' tried instead on input line 161.
 [33


] [34]
LaTeX Font Info:    Font shape `T1/phv/m/it' in size <9> not available
(Font)              Font shape `T1/phv/m/sl' tried instead on input line 228.
 [35


] [36]
Overfull \hbox (9.88863pt too wide) in paragraph at lines 228--228
\T1/phv/m/sl/9 TIONS LAW\T1/phv/m/n/9 . 2002. \T1/phv/m/sc/9 url\T1/phv/m/n/9 :
 []$\T1/pcr/m/n/9 www . ictregulationtoolkit . org / Documents / Document /$
 []


Overfull \hbox (2.3325pt too wide) in paragraph at lines 228--228
[]\T1/phv/m/n/9 Jon Pos-tel. \T1/phv/m/sl/9 RFC760 DOD STAN-DARD IN-TER-NET PRO
-TO-COL\T1/phv/m/n/9 . IETF, 1980. \T1/phv/m/sc/9 url\T1/phv/m/n/9 : []$\T1/pcr
/m/n/9 http :$
 []


Overfull \hbox (3.80864pt too wide) in paragraph at lines 228--228
[]\T1/phv/m/n/9 Reza Shokri, Carmela Tron-coso, Clau-dia Diaz, Julien Freudi-ge
r, and Jean-Pierre Hubaux.
 []

[37]
Overfull \hbox (28.82777pt too wide) in paragraph at lines 228--228
[]\T1/phv/m/n/9 Wikipedia. \T1/phv/m/sl/9 Pseudonymity\T1/phv/m/n/9 . 2014. \T1
/phv/m/sc/9 url\T1/phv/m/n/9 : []$\T1/pcr/m/n/9 https : / / en . wikipedia . or
g / wiki / Pseudonymity$[]
 []

(G:\Documents\AnonMail\doc\AnonMail.ind [38] [39






])
Package atveryend Info: Empty hook `BeforeClearDocument' on input line 273.
Package atveryend Info: Empty hook `AfterLastShipout' on input line 273.

(G:\Documents\AnonMail\doc\AnonMail.aux)
Package atveryend Info: Executing hook `AtVeryEndDocument' on input line 273.
Package atveryend Info: Executing hook `AtEndAfterFileList' on input line 273.
Package rerunfilecheck Info: File `AnonMail.out' has not changed.
(rerunfilecheck)             Checksum: 49FB0F25D8C4C3A2880FCE8221854E88;6867.
Package logreq Info: Writing requests to 'AnonMail.run.xml'.
 ) 
Here is how much of TeX's memory you used:
 15936 strings out of 493921
 252085 string characters out of 3150488
 508101 words of memory out of 3000000
 18748 multiletter control sequences out of 15000+200000
 59964 words of font info for 60 fonts, out of 3000000 for 9000
 841 hyphenation exceptions out of 8191
 45i,11n,51p,1033b,3220s stack positions out of 5000i,500n,10000p,200000b,50000s
{w:/Programme/miktex/fonts/enc/dvips/fontname/8r.enc}<w:/Programme/miktex/fon
ts/type1/public/amsfonts/cm/cmex10.pfb><w:/Programme/miktex/fonts/type1/public/
amsfonts/cm/cmmi10.pfb><w:/Programme/miktex/fonts/type1/public/amsfonts/cm/cmmi
5.pfb><w:/Programme/miktex/fonts/type1/public/amsfonts/cm/cmmi7.pfb><w:/Program
me/miktex/fonts/type1/public/amsfonts/cm/cmr10.pfb><w:/Programme/miktex/fonts/t
ype1/public/amsfonts/cm/cmr5.pfb><w:/Programme/miktex/fonts/type1/public/amsfon
ts/cm/cmr7.pfb><w:/Programme/miktex/fonts/type1/public/amsfonts/cm/cmsy10.pfb><
w:/Programme/miktex/fonts/type1/public/amsfonts/cm/cmsy5.pfb><w:/Programme/mikt
ex/fonts/type1/public/amsfonts/cm/cmsy7.pfb><w:/Programme/miktex/fonts/type1/ur
w/courier/ucrr8a.pfb><w:/Programme/miktex/fonts/type1/urw/helvetic/uhvb8a.pfb><
w:/Programme/miktex/fonts/type1/urw/helvetic/uhvbo8a.pfb><w:/Programme/miktex/f
onts/type1/urw/helvetic/uhvr8a.pfb><w:/Programme/miktex/fonts/type1/urw/helveti
c/uhvro8a.pfb>
Output written on AnonMail.pdf (49 pages, 382460 bytes).
PDF statistics:
 1160 PDF objects out of 1200 (max. 8388607)
 220 named destinations out of 1000 (max. 500000)
 792 words of extra memory for PDF output out of 10000 (max. 10000000)

