\BOOKMARK [0][-]{chapter.1}{Introduction}{}% 1
\BOOKMARK [1][-]{section.1.1}{Overview over the current situation}{chapter.1}% 2
\BOOKMARK [1][-]{section.1.2}{Problem statement}{chapter.1}% 3
\BOOKMARK [1][-]{section.1.3}{Contributions}{chapter.1}% 4
\BOOKMARK [1][-]{section.1.4}{Notation}{chapter.1}% 5
\BOOKMARK [0][-]{chapter.2}{Ground theory}{}% 6
\BOOKMARK [1][-]{section.2.1}{Mail Transport}{chapter.2}% 7
\BOOKMARK [2][-]{subsection.2.1.1}{Mail user Agents}{section.2.1}% 8
\BOOKMARK [3][-]{subsubsection.2.1.1.1}{Fat clients}{subsection.2.1.1}% 9
\BOOKMARK [3][-]{subsubsection.2.1.1.2}{Server located clients}{subsection.2.1.1}% 10
\BOOKMARK [3][-]{subsubsection.2.1.1.3}{Web clients}{subsection.2.1.1}% 11
\BOOKMARK [1][-]{section.2.2}{Anonymity}{chapter.2}% 12
\BOOKMARK [2][-]{subsection.2.2.1}{k-anonymity}{section.2.2}% 13
\BOOKMARK [2][-]{subsection.2.2.2}{Plausible deniability}{section.2.2}% 14
\BOOKMARK [3][-]{subsubsection.2.2.2.1}{Deniable encryption}{subsection.2.2.2}% 15
\BOOKMARK [2][-]{subsection.2.2.3}{DC-Nets}{section.2.2}% 16
\BOOKMARK [1][-]{section.2.3}{Identification and data signage}{chapter.2}% 17
\BOOKMARK [1][-]{section.2.4}{Steganography}{chapter.2}% 18
\BOOKMARK [1][-]{section.2.5}{Encryption}{chapter.2}% 19
\BOOKMARK [2][-]{subsection.2.5.1}{Symetric encryption}{section.2.5}% 20
\BOOKMARK [3][-]{subsubsection.2.5.1.1}{Advanced Encryption Standard}{subsection.2.5.1}% 21
\BOOKMARK [2][-]{subsection.2.5.2}{Asymetric encryption}{section.2.5}% 22
\BOOKMARK [3][-]{subsubsection.2.5.2.1}{RSA}{subsection.2.5.2}% 23
\BOOKMARK [3][-]{subsubsection.2.5.2.2}{El-Gamal}{subsection.2.5.2}% 24
\BOOKMARK [3][-]{subsubsection.2.5.2.3}{ECDSA}{subsection.2.5.2}% 25
\BOOKMARK [2][-]{subsection.2.5.3}{Key exchange}{section.2.5}% 26
\BOOKMARK [3][-]{subsubsection.2.5.3.1}{Diffie-Hellmann key exchange}{subsection.2.5.3}% 27
\BOOKMARK [1][-]{section.2.6}{Mix cascades}{chapter.2}% 28
\BOOKMARK [1][-]{section.2.7}{Remailers}{chapter.2}% 29
\BOOKMARK [1][-]{section.2.8}{Ethics}{chapter.2}% 30
\BOOKMARK [2][-]{subsection.2.8.1}{Human rights}{section.2.8}% 31
\BOOKMARK [3][-]{subsubsection.2.8.1.1}{Freedom of speech}{subsection.2.8.1}% 32
\BOOKMARK [2][-]{subsection.2.8.2}{Ethics of the Internet}{section.2.8}% 33
\BOOKMARK [1][-]{section.2.9}{Possible legal issues}{chapter.2}% 34
\BOOKMARK [0][-]{chapter.3}{Current situation}{}% 35
\BOOKMARK [1][-]{section.3.1}{Implemented protocols}{chapter.3}% 36
\BOOKMARK [2][-]{subsection.3.1.1}{SMTP }{section.3.1}% 37
\BOOKMARK [3][-]{subsubsection.3.1.1.1}{Mail transport}{subsection.3.1.1}% 38
\BOOKMARK [3][-]{subsubsection.3.1.1.2}{encryption}{subsection.3.1.1}% 39
\BOOKMARK [2][-]{subsection.3.1.2}{MIME}{section.3.1}% 40
\BOOKMARK [3][-]{subsubsection.3.1.2.1}{S/MIME}{subsection.3.1.2}% 41
\BOOKMARK [3][-]{subsubsection.3.1.2.2}{PGP/MIME}{subsection.3.1.2}% 42
\BOOKMARK [2][-]{subsection.3.1.3}{DNS}{section.3.1}% 43
\BOOKMARK [3][-]{subsubsection.3.1.3.1}{DNSSEC}{subsection.3.1.3}% 44
\BOOKMARK [3][-]{subsubsection.3.1.3.2}{Sender Policy Framework}{subsection.3.1.3}% 45
\BOOKMARK [3][-]{subsubsection.3.1.3.3}{Sender ID}{subsection.3.1.3}% 46
\BOOKMARK [2][-]{subsection.3.1.4}{Transport Protocols}{section.3.1}% 47
\BOOKMARK [3][-]{subsubsection.3.1.4.1}{IPv4}{subsection.3.1.4}% 48
\BOOKMARK [3][-]{subsubsection.3.1.4.2}{IPv6}{subsection.3.1.4}% 49
\BOOKMARK [3][-]{subsubsection.3.1.4.3}{TCP}{subsection.3.1.4}% 50
\BOOKMARK [2][-]{subsection.3.1.5}{Remote MDA protocols}{section.3.1}% 51
\BOOKMARK [3][-]{subsubsection.3.1.5.1}{POP3}{subsection.3.1.5}% 52
\BOOKMARK [3][-]{subsubsection.3.1.5.2}{IMAP}{subsection.3.1.5}% 53
\BOOKMARK [0][-]{chapter.4}{Analysis of current situation}{}% 54
\BOOKMARK [1][-]{section.4.1}{Current state of common Technology}{chapter.4}% 55
\BOOKMARK [2][-]{subsection.4.1.1}{Mailrouting}{section.4.1}% 56
\BOOKMARK [3][-]{subsubsection.4.1.1.1}{SMTP}{subsection.4.1.1}% 57
\BOOKMARK [3][-]{subsubsection.4.1.1.2}{LMTP}{subsection.4.1.1}% 58
\BOOKMARK [3][-]{subsubsection.4.1.1.3}{IMAP}{subsection.4.1.1}% 59
\BOOKMARK [3][-]{subsubsection.4.1.1.4}{POP}{subsection.4.1.1}% 60
\BOOKMARK [3][-]{subsubsection.4.1.1.5}{MS-OXMAPIHTTP}{subsection.4.1.1}% 61
\BOOKMARK [1][-]{section.4.2}{Current state of available Technology}{chapter.4}% 62
\BOOKMARK [1][-]{section.4.3}{Missing Gap}{chapter.4}% 63
\BOOKMARK [1][-]{section.4.4}{Skeleton of Mails and mail transfer}{chapter.4}% 64
\BOOKMARK [0][-]{chapter.5}{Designing an approach}{}% 65
\BOOKMARK [1][-]{section.5.1}{Defining system boundaries}{chapter.5}% 66
\BOOKMARK [2][-]{subsection.5.1.1}{Thread model}{section.5.1}% 67
\BOOKMARK [2][-]{subsection.5.1.2}{User model}{section.5.1}% 68
\BOOKMARK [2][-]{subsection.5.1.3}{Mail server admin model}{section.5.1}% 69
\BOOKMARK [1][-]{section.5.2}{Basic Requirements of an Approach}{chapter.5}% 70
\BOOKMARK [2][-]{subsection.5.2.1}{Transport Layer Blending}{section.5.2}% 71
\BOOKMARK [0][-]{chapter.6}{Specifying a target solution}{}% 72
\BOOKMARK [1][-]{section.6.1}{General}{chapter.6}% 73
\BOOKMARK [2][-]{subsection.6.1.1}{Application Design}{section.6.1}% 74
\BOOKMARK [2][-]{subsection.6.1.2}{Third Party Code}{section.6.1}% 75
\BOOKMARK [3][-]{subsubsection.6.1.2.1}{Java}{subsection.6.1.2}% 76
\BOOKMARK [3][-]{subsubsection.6.1.2.2}{HSQLDB}{subsection.6.1.2}% 77
\BOOKMARK [2][-]{subsection.6.1.3}{Folder storage}{section.6.1}% 78
\BOOKMARK [2][-]{subsection.6.1.4}{Blocks}{section.6.1}% 79
\BOOKMARK [3][-]{subsubsection.6.1.4.1}{Preamble}{subsection.6.1.4}% 80
\BOOKMARK [3][-]{subsubsection.6.1.4.2}{Routing block}{subsection.6.1.4}% 81
\BOOKMARK [3][-]{subsubsection.6.1.4.3}{Address request block}{subsection.6.1.4}% 82
\BOOKMARK [2][-]{subsection.6.1.5}{Messages}{section.6.1}% 83
\BOOKMARK [3][-]{subsubsection.6.1.5.1}{Basecom}{subsection.6.1.5}% 84
\BOOKMARK [1][-]{section.6.2}{libVortex}{chapter.6}% 85
\BOOKMARK [0][-]{chapter.7}{Verification of solution}{}% 86
\BOOKMARK [1][-]{section.7.1}{User acceptance of the target system}{chapter.7}% 87
\BOOKMARK [1][-]{section.7.2}{Admin acceptance of the target system}{chapter.7}% 88
\BOOKMARK [1][-]{section.7.3}{Possible attacks to the system}{chapter.7}% 89
\BOOKMARK [2][-]{subsection.7.3.1}{Generic DoS attacks}{section.7.3}% 90
\BOOKMARK [3][-]{subsubsection.7.3.1.1}{Overloading single nodes}{subsection.7.3.1}% 91
\BOOKMARK [2][-]{subsection.7.3.2}{Attacks on the users anonymity}{section.7.3}% 92
\BOOKMARK [2][-]{subsection.7.3.3}{Reputaional attacks}{section.7.3}% 93
\BOOKMARK [3][-]{subsubsection.7.3.3.1}{Misuse for sending spam}{subsection.7.3.3}% 94
\BOOKMARK [3][-]{subsubsection.7.3.3.2}{Misuse for covering illegal actions}{subsection.7.3.3}% 95
\BOOKMARK [0][-]{Appendix*.9}{Appendix Glossary}{}% 96
\BOOKMARK [0][-]{Appendix*.10}{Appendix Bibliography}{}% 97
