This is pdfTeX, Version 3.14159265-2.6-1.40.21 (MiKTeX 2.9.7380) (preloaded format=pdflatex 2020.4.3)  3 APR 2020 15:14
entering extended mode
**./filet.tex
(filet.tex
LaTeX2e <2020-02-02> patch level 5
L3 programming layer <2020-03-06> (IEEEtran.cls
Document Class: IEEEtran 2015/08/26 V1.8b by Michael Shell
-- See the "IEEEtran_HOWTO" manual for usage information.
-- http://www.michaelshell.org/tex/ieeetran/
\@IEEEtrantmpdimenA=\dimen134
\@IEEEtrantmpdimenB=\dimen135
\@IEEEtrantmpdimenC=\dimen136
\@IEEEtrantmpcountA=\count167
\@IEEEtrantmpcountB=\count168
\@IEEEtrantmpcountC=\count169
\@IEEEtrantmptoksA=\toks15
LaTeX Font Info:    Trying to load font information for OT1+ppl on input line 5
03.

(F:\apps\portableApps\MikTeXPortable\App\MikTeX\texmfs\install\tex/latex/psnfss
\ot1ppl.fd
File: ot1ppl.fd 2001/06/04 font definitions for OT1/ppl.
)
-- Using IEEE Computer Society mode.
-- Using 8.5in x 11in (letter) paper.
-- Using PDF output.
\@IEEEnormalsizeunitybaselineskip=\dimen137
-- This is a 10 point document.
\CLASSINFOnormalsizebaselineskip=\dimen138
\CLASSINFOnormalsizeunitybaselineskip=\dimen139
\IEEEnormaljot=\dimen140
LaTeX Font Info:    Font shape `OT1/ppl/bx/n' in size <5.01874> not available
(Font)              Font shape `OT1/ppl/b/n' tried instead on input line 1090.
LaTeX Font Info:    Font shape `OT1/ppl/bx/it' in size <5.01874> not available
(Font)              Font shape `OT1/ppl/b/it' tried instead on input line 1090.

LaTeX Font Info:    Font shape `OT1/ppl/bx/n' in size <7.02625> not available
(Font)              Font shape `OT1/ppl/b/n' tried instead on input line 1090.
LaTeX Font Info:    Font shape `OT1/ppl/bx/it' in size <7.02625> not available
(Font)              Font shape `OT1/ppl/b/it' tried instead on input line 1090.

LaTeX Font Info:    Font shape `OT1/ppl/bx/n' in size <8.03> not available
(Font)              Font shape `OT1/ppl/b/n' tried instead on input line 1090.
LaTeX Font Info:    Font shape `OT1/ppl/bx/it' in size <8.03> not available
(Font)              Font shape `OT1/ppl/b/it' tried instead on input line 1090.

LaTeX Font Info:    Font shape `OT1/ppl/bx/n' in size <9.03374> not available
(Font)              Font shape `OT1/ppl/b/n' tried instead on input line 1090.
LaTeX Font Info:    Font shape `OT1/ppl/bx/it' in size <9.03374> not available
(Font)              Font shape `OT1/ppl/b/it' tried instead on input line 1090.

LaTeX Font Info:    Font shape `OT1/ppl/bx/n' in size <9.53561> not available
(Font)              Font shape `OT1/ppl/b/n' tried instead on input line 1090.
LaTeX Font Info:    Font shape `OT1/ppl/bx/it' in size <9.53561> not available
(Font)              Font shape `OT1/ppl/b/it' tried instead on input line 1090.

LaTeX Font Info:    Font shape `OT1/ppl/bx/n' in size <11.04124> not available
(Font)              Font shape `OT1/ppl/b/n' tried instead on input line 1090.
LaTeX Font Info:    Font shape `OT1/ppl/bx/it' in size <11.04124> not available

(Font)              Font shape `OT1/ppl/b/it' tried instead on input line 1090.

LaTeX Font Info:    Font shape `OT1/ppl/bx/n' in size <12.045> not available
(Font)              Font shape `OT1/ppl/b/n' tried instead on input line 1090.
LaTeX Font Info:    Font shape `OT1/ppl/bx/it' in size <12.045> not available
(Font)              Font shape `OT1/ppl/b/it' tried instead on input line 1090.

LaTeX Font Info:    Font shape `OT1/ppl/bx/n' in size <17.06374> not available
(Font)              Font shape `OT1/ppl/b/n' tried instead on input line 1090.
LaTeX Font Info:    Font shape `OT1/ppl/bx/it' in size <17.06374> not available

(Font)              Font shape `OT1/ppl/b/it' tried instead on input line 1090.

LaTeX Font Info:    Font shape `OT1/ppl/bx/n' in size <20.075> not available
(Font)              Font shape `OT1/ppl/b/n' tried instead on input line 1090.
LaTeX Font Info:    Font shape `OT1/ppl/bx/it' in size <20.075> not available
(Font)              Font shape `OT1/ppl/b/it' tried instead on input line 1090.

LaTeX Font Info:    Font shape `OT1/ppl/bx/n' in size <24.09> not available
(Font)              Font shape `OT1/ppl/b/n' tried instead on input line 1090.
LaTeX Font Info:    Font shape `OT1/ppl/bx/it' in size <24.09> not available
(Font)              Font shape `OT1/ppl/b/it' tried instead on input line 1090.

\IEEEquantizedlength=\dimen141
\IEEEquantizedlengthdiff=\dimen142
\IEEEquantizedtextheightdiff=\dimen143
\IEEEilabelindentA=\dimen144
\IEEEilabelindentB=\dimen145
\IEEEilabelindent=\dimen146
\IEEEelabelindent=\dimen147
\IEEEdlabelindent=\dimen148
\IEEElabelindent=\dimen149
\IEEEiednormlabelsep=\dimen150
\IEEEiedmathlabelsep=\dimen151
\IEEEiedtopsep=\skip47
\c@section=\count170
\c@subsection=\count171
\c@subsubsection=\count172
\c@paragraph=\count173
\c@IEEEsubequation=\count174
\abovecaptionskip=\skip48
\belowcaptionskip=\skip49
\c@figure=\count175
\c@table=\count176
\@IEEEeqnnumcols=\count177
\@IEEEeqncolcnt=\count178
\@IEEEsubeqnnumrollback=\count179
\@IEEEquantizeheightA=\dimen152
\@IEEEquantizeheightB=\dimen153
\@IEEEquantizeheightC=\dimen154
\@IEEEquantizeprevdepth=\dimen155
\@IEEEquantizemultiple=\count180
\@IEEEquantizeboxA=\box45
\@IEEEtmpitemindent=\dimen156
\IEEEPARstartletwidth=\dimen157
\c@IEEEbiography=\count181
\@IEEEtranrubishbin=\box46
)
(F:\apps\portableApps\MikTeXPortable\App\MikTeX\texmfs\install\tex/latex/cite\c
ite.sty
LaTeX Info: Redefining \cite on input line 302.
LaTeX Info: Redefining \nocite on input line 332.
Package: cite 2015/02/27  v 5.5
)
(F:\apps\portableApps\MikTeXPortable\App\MikTeX\texmfs\install\tex/latex/graphi
cs\graphicx.sty
Package: graphicx 2019/11/30 v1.2a Enhanced LaTeX Graphics (DPC,SPQR)

(F:\apps\portableApps\MikTeXPortable\App\MikTeX\texmfs\install\tex/latex/graphi
cs\keyval.sty
Package: keyval 2014/10/28 v1.15 key=value parser (DPC)
\KV@toks@=\toks16
)
(F:\apps\portableApps\MikTeXPortable\App\MikTeX\texmfs\install\tex/latex/graphi
cs\graphics.sty
Package: graphics 2019/11/30 v1.4a Standard LaTeX Graphics (DPC,SPQR)

(F:\apps\portableApps\MikTeXPortable\App\MikTeX\texmfs\install\tex/latex/graphi
cs\trig.sty
Package: trig 2016/01/03 v1.10 sin cos tan (DPC)
)
(F:\apps\portableApps\MikTeXPortable\App\MikTeX\texmfs\install\tex/latex/graphi
cs-cfg\graphics.cfg
File: graphics.cfg 2016/06/04 v1.11 sample graphics configuration
)
Package graphics Info: Driver file: pdftex.def on input line 105.

(F:\apps\portableApps\MikTeXPortable\App\MikTeX\texmfs\install\tex/latex/graphi
cs-def\pdftex.def
File: pdftex.def 2018/01/08 v1.0l Graphics/color driver for pdftex
))
\Gin@req@height=\dimen158
\Gin@req@width=\dimen159
)
(F:\apps\portableApps\MikTeXPortable\App\MikTeX\texmfs\install\tex/latex/amsmat
h\amsmath.sty
Package: amsmath 2020/01/20 v2.17e AMS math features
\@mathmargin=\skip50

For additional information on amsmath, use the `?' option.

(F:\apps\portableApps\MikTeXPortable\App\MikTeX\texmfs\install\tex/latex/amsmat
h\amstext.sty
Package: amstext 2000/06/29 v2.01 AMS text

(F:\apps\portableApps\MikTeXPortable\App\MikTeX\texmfs\install\tex/latex/amsmat
h\amsgen.sty
File: amsgen.sty 1999/11/30 v2.0 generic functions
\@emptytoks=\toks17
\ex@=\dimen160
))
(F:\apps\portableApps\MikTeXPortable\App\MikTeX\texmfs\install\tex/latex/amsmat
h\amsbsy.sty
Package: amsbsy 1999/11/29 v1.2d Bold Symbols
\pmbraise@=\dimen161
)
(F:\apps\portableApps\MikTeXPortable\App\MikTeX\texmfs\install\tex/latex/amsmat
h\amsopn.sty
Package: amsopn 2016/03/08 v2.02 operator names
)
\inf@bad=\count182
LaTeX Info: Redefining \frac on input line 227.
\uproot@=\count183
\leftroot@=\count184
LaTeX Info: Redefining \overline on input line 389.
\classnum@=\count185
\DOTSCASE@=\count186
LaTeX Info: Redefining \ldots on input line 486.
LaTeX Info: Redefining \dots on input line 489.
LaTeX Info: Redefining \cdots on input line 610.
\Mathstrutbox@=\box47
\strutbox@=\box48
\big@size=\dimen162
LaTeX Font Info:    Redeclaring font encoding OML on input line 733.
LaTeX Font Info:    Redeclaring font encoding OMS on input line 734.
\macc@depth=\count187
\c@MaxMatrixCols=\count188
\dotsspace@=\muskip16
\c@parentequation=\count189
\dspbrk@lvl=\count190
\tag@help=\toks18
\row@=\count191
\column@=\count192
\maxfields@=\count193
\andhelp@=\toks19
\eqnshift@=\dimen163
\alignsep@=\dimen164
\tagshift@=\dimen165
\tagwidth@=\dimen166
\totwidth@=\dimen167
\lineht@=\dimen168
\@envbody=\toks20
\multlinegap=\skip51
\multlinetaggap=\skip52
\mathdisplay@stack=\toks21
LaTeX Info: Redefining \[ on input line 2859.
LaTeX Info: Redefining \] on input line 2860.
)
(F:\apps\portableApps\MikTeXPortable\App\MikTeX\texmfs\install\tex/latex/tools\
array.sty
Package: array 2019/08/31 v2.4l Tabular extension package (FMi)
\col@sep=\dimen169
\ar@mcellbox=\box49
\extrarowheight=\dimen170
\NC@list=\toks22
\extratabsurround=\skip53
\backup@length=\skip54
\ar@cellbox=\box50
)
(F:\apps\portableApps\MikTeXPortable\App\MikTeX\texmfs\install\tex/latex/url\ur
l.sty
\Urlmuskip=\muskip17
Package: url 2013/09/16  ver 3.4  Verb mode for urls, etc.
)
(F:\apps\portableApps\MikTeXPortable\App\MikTeX\texmfs\install\tex/generic/genm
isc\nth.sty
Package: nth 2002/02/27
)
(F:\apps\portableApps\MikTeXPortable\App\MikTeX\texmfs\install\tex/latex/hyperr
ef\hyperref.sty
Package: hyperref 2020/01/14 v7.00d Hypertext links for LaTeX

(F:\apps\portableApps\MikTeXPortable\App\MikTeX\texmfs\install\tex/generic/ober
diek\ltxcmds.sty
Package: ltxcmds 2016/05/16 v1.23 LaTeX kernel commands for general use (HO)
)
(F:\apps\portableApps\MikTeXPortable\App\MikTeX\texmfs\install\tex/generic/ifte
x\iftex.sty
Package: iftex 2020/03/06 v1.0d TeX engine tests
)
(F:\apps\portableApps\MikTeXPortable\App\MikTeX\texmfs\install\tex/latex/pdftex
cmds\pdftexcmds.sty
Package: pdftexcmds 2019/11/24 v0.31 Utility functions of pdfTeX for LuaTeX (HO
)

(F:\apps\portableApps\MikTeXPortable\App\MikTeX\texmfs\install\tex/generic/infw
arerr\infwarerr.sty
Package: infwarerr 2019/12/03 v1.5 Providing info/warning/error messages (HO)
)
Package pdftexcmds Info: \pdf@primitive is available.
Package pdftexcmds Info: \pdf@ifprimitive is available.
Package pdftexcmds Info: \pdfdraftmode found.
)
(F:\apps\portableApps\MikTeXPortable\App\MikTeX\texmfs\install\tex/generic/ober
diek\kvsetkeys.sty
Package: kvsetkeys 2016/05/16 v1.17 Key value parser (HO)

(F:\apps\portableApps\MikTeXPortable\App\MikTeX\texmfs\install\tex/generic/ober
diek\etexcmds.sty
Package: etexcmds 2016/05/16 v1.6 Avoid name clashes with e-TeX commands (HO)

(F:\apps\portableApps\MikTeXPortable\App\MikTeX\texmfs\install\tex/generic/ifte
x\ifluatex.sty
Package: ifluatex 2019/10/25 v1.5 ifluatex legacy package. Use iftex instead.
)))
(F:\apps\portableApps\MikTeXPortable\App\MikTeX\texmfs\install\tex/generic/ober
diek\kvdefinekeys.sty
Package: kvdefinekeys 2016/05/16 v1.4 Define keys (HO)
)
(F:\apps\portableApps\MikTeXPortable\App\MikTeX\texmfs\install\tex/generic/pdfe
scape\pdfescape.sty
Package: pdfescape 2019/12/09 v1.15 Implements pdfTeX's escape features (HO)
)
(F:\apps\portableApps\MikTeXPortable\App\MikTeX\texmfs\install\tex/latex/oberdi
ek\hycolor.sty
Package: hycolor 2016/05/16 v1.8 Color options for hyperref/bookmark (HO)

(F:\apps\portableApps\MikTeXPortable\App\MikTeX\texmfs\install\tex/latex/oberdi
ek\xcolor-patch.sty
Package: xcolor-patch 2016/05/16 xcolor patch

(F:\apps\portableApps\MikTeXPortable\App\MikTeX\texmfs\install\tex/latex/oberdi
ek\hopatch.sty
Package: hopatch 2016/05/16 v1.3 Wrapper for package hooks (HO)
)))
(F:\apps\portableApps\MikTeXPortable\App\MikTeX\texmfs\install\tex/latex/letltx
macro\letltxmacro.sty
Package: letltxmacro 2019/12/03 v1.6 Let assignment for LaTeX macros (HO)
)
(F:\apps\portableApps\MikTeXPortable\App\MikTeX\texmfs\install\tex/latex/oberdi
ek\auxhook.sty
Package: auxhook 2016/05/16 v1.4 Hooks for auxiliary files (HO)
)
(F:\apps\portableApps\MikTeXPortable\App\MikTeX\texmfs\install\tex/latex/kvopti
ons\kvoptions.sty
Package: kvoptions 2019/11/29 v3.13 Key value format for package options (HO)
)
\@linkdim=\dimen171
\Hy@linkcounter=\count194
\Hy@pagecounter=\count195

(F:\apps\portableApps\MikTeXPortable\App\MikTeX\texmfs\install\tex/latex/hyperr
ef\pd1enc.def
File: pd1enc.def 2020/01/14 v7.00d Hyperref: PDFDocEncoding definition (HO)
Now handling font encoding PD1 ...
... no UTF-8 mapping file for font encoding PD1
)
(F:\apps\portableApps\MikTeXPortable\App\MikTeX\texmfs\install\tex/generic/ober
diek\intcalc.sty
Package: intcalc 2016/05/16 v1.2 Expandable calculations with integers (HO)
)
\Hy@SavedSpaceFactor=\count196
Package hyperref Info: Hyper figures OFF on input line 4547.
Package hyperref Info: Link nesting OFF on input line 4552.
Package hyperref Info: Hyper index ON on input line 4555.
Package hyperref Info: Plain pages OFF on input line 4562.
Package hyperref Info: Backreferencing OFF on input line 4567.
Package hyperref Info: Implicit mode ON; LaTeX internals redefined.
Package hyperref Info: Bookmarks ON on input line 4800.
\c@Hy@tempcnt=\count197
LaTeX Info: Redefining \url on input line 5159.
\XeTeXLinkMargin=\dimen172

(F:\apps\portableApps\MikTeXPortable\App\MikTeX\texmfs\install\tex/generic/bits
et\bitset.sty
Package: bitset 2019/12/09 v1.3 Handle bit-vector datatype (HO)

(F:\apps\portableApps\MikTeXPortable\App\MikTeX\texmfs\install\tex/generic/ober
diek\bigintcalc.sty
Package: bigintcalc 2016/05/16 v1.4 Expandable calculations on big integers (HO
)
))
\Fld@menulength=\count198
\Field@Width=\dimen173
\Fld@charsize=\dimen174
Package hyperref Info: Hyper figures OFF on input line 6430.
Package hyperref Info: Link nesting OFF on input line 6435.
Package hyperref Info: Hyper index ON on input line 6438.
Package hyperref Info: backreferencing OFF on input line 6445.
Package hyperref Info: Link coloring OFF on input line 6450.
Package hyperref Info: Link coloring with OCG OFF on input line 6455.
Package hyperref Info: PDF/A mode OFF on input line 6460.
LaTeX Info: Redefining \ref on input line 6500.
LaTeX Info: Redefining \pageref on input line 6504.

(F:\apps\portableApps\MikTeXPortable\App\MikTeX\texmfs\install\tex/generic/atbe
gshi\atbegshi.sty
Package: atbegshi 2019/12/05 v1.19 At begin shipout hook (HO)
)
\Hy@abspage=\count199
\c@Item=\count266
\c@Hfootnote=\count267
)
Package hyperref Info: Driver (autodetected): hpdftex.

(F:\apps\portableApps\MikTeXPortable\App\MikTeX\texmfs\install\tex/latex/hyperr
ef\hpdftex.def
File: hpdftex.def 2020/01/14 v7.00d Hyperref driver for pdfTeX

(F:\apps\portableApps\MikTeXPortable\App\MikTeX\texmfs\install\tex/latex/atvery
end\atveryend.sty
Package: atveryend 2019-12-11 v1.11 Hooks at the very end of document (HO)
Package atveryend Info: \enddocument detected (standard20110627).
)
\Fld@listcount=\count268
\c@bookmark@seq@number=\count269

(F:\apps\portableApps\MikTeXPortable\App\MikTeX\texmfs\install\tex/latex/rerunf
ilecheck\rerunfilecheck.sty
Package: rerunfilecheck 2019/12/05 v1.9 Rerun checks for auxiliary files (HO)

(F:\apps\portableApps\MikTeXPortable\App\MikTeX\texmfs\install\tex/generic/ober
diek\uniquecounter.sty
Package: uniquecounter 2016/05/16 v1.3 Provide unlimited unique counter (HO)
)
Package uniquecounter Info: New unique counter `rerunfilecheck' on input line 2
86.
)
\Hy@SectionHShift=\skip55
)
(F:\apps\portableApps\MikTeXPortable\App\MikTeX\texmfs\install\tex/latex/fixme\
fixme.sty
Package: fixme 2019/01/03 v4.5 Collaborative annotations for LaTeX2e

(F:\apps\portableApps\MikTeXPortable\App\MikTeX\texmfs\install\tex/latex/base\i
fthen.sty
Package: ifthen 2014/09/29 v1.1c Standard LaTeX ifthen package (DPC)
)
(F:\apps\portableApps\MikTeXPortable\App\MikTeX\texmfs\install\tex/latex/tools\
verbatim.sty
Package: verbatim 2019/11/10 v1.5r LaTeX2e package for verbatim enhancements
\every@verbatim=\toks23
\verbatim@line=\toks24
\verbatim@in@stream=\read2
)
(F:\apps\portableApps\MikTeXPortable\App\MikTeX\texmfs\install\tex/latex/xkeyva
l\xkeyval.sty
Package: xkeyval 2014/12/03 v2.7a package option processing (HA)

(F:\apps\portableApps\MikTeXPortable\App\MikTeX\texmfs\install\tex/generic/xkey
val\xkeyval.tex
(F:\apps\portableApps\MikTeXPortable\App\MikTeX\texmfs\install\tex/generic/xkey
val\xkvutils.tex
\XKV@toks=\toks25
\XKV@tempa@toks=\toks26
)
\XKV@depth=\count270
File: xkeyval.tex 2014/12/03 v2.7a key=value parser (HA)
))
\lox@file=\read3
\c@fixmecount=\count271
\c@fxnotecount=\count272
\c@fxwarningcount=\count273
\c@fxerrorcount=\count274
\c@fxfatalcount=\count275
)
(F:\apps\portableApps\MikTeXPortable\App\MikTeX\texmfs\install\tex/latex/fixme/
layouts\fxlayoutpdfnote.sty
Package: fxlayoutpdfnote 

(F:\apps\portableApps\MikTeXPortable\App\MikTeX\texmfs\install\tex/latex/pdfcom
ment\pdfcomment.sty
Package: pdfcomment 2018/11/01 pdfcomment.sty v2.4a - Josef Kleber (C) 2008-201
2, 2015-2016, 2018
\c@pc@count@i=\count276
\c@pc@count@ii=\count277
\c@pc@count@iii=\count278
\c@pc@count@iv=\count279
\pc@mathannot@box=\box51
\pc@nullbox=\box52
\pc@dima=\skip56
\pc@dimb=\skip57
\pc@Sposx=\skip58
\pc@Sposy=\skip59
\pc@Eposx=\skip60
\pc@Eposy=\skip61
\pc@column=\skip62
\pc@box@width=\skip63
\pc@box@height=\skip64
\pc@box@depth=\skip65

(F:\apps\portableApps\MikTeXPortable\App\MikTeX\texmfs\install\tex/latex/etoolb
ox\etoolbox.sty
Package: etoolbox 2019/09/21 v2.5h e-TeX tools for LaTeX (JAW)
\etb@tempcnta=\count280
)
(F:\apps\portableApps\MikTeXPortable\App\MikTeX\texmfs\install\tex/latex/dateti
me2\datetime2.sty
Package: datetime2 2020/03/02 v1.5.6 (NLCT) date and time formats

(F:\apps\portableApps\MikTeXPortable\App\MikTeX\texmfs\install\tex/latex/trackl
ang\tracklang.sty
Package: tracklang 2019/11/30 v1.4 (NLCT) Track Languages

(F:\apps\portableApps\MikTeXPortable\App\MikTeX\texmfs\install\tex/generic/trac
klang\tracklang.tex)))
(F:\apps\portableApps\MikTeXPortable\App\MikTeX\texmfs\install\tex/latex/zref\z
ref-savepos.sty
Package: zref-savepos 2020-03-03 v2.29 Module savepos for zref (HO)

(F:\apps\portableApps\MikTeXPortable\App\MikTeX\texmfs\install\tex/latex/zref\z
ref-base.sty
Package: zref-base 2020-03-03 v2.29 Module base for zref (HO)
Package zref Info: New property list: main on input line 763.
Package zref Info: New property: default on input line 764.
Package zref Info: New property: page on input line 765.
)
Package zref Info: New property list: savepos on input line 80.
Package zref Info: New property: posx on input line 82.
Package zref Info: New property: posy on input line 83.
)
\c@zref@unique=\count281

(F:\apps\portableApps\MikTeXPortable\App\MikTeX\texmfs\install\tex/latex/oberdi
ek\refcount.sty
Package: refcount 2016/05/16 v3.5 Data extraction from label references (HO)
)
(F:\apps\portableApps\MikTeXPortable\App\MikTeX\texmfs\install\tex/latex/tools\
calc.sty
Package: calc 2017/05/25 v4.3 Infix arithmetic (KKT,FJ)
\calc@Acount=\count282
\calc@Bcount=\count283
\calc@Adimen=\dimen175
\calc@Bdimen=\dimen176
\calc@Askip=\skip66
\calc@Bskip=\skip67
LaTeX Info: Redefining \setlength on input line 80.
LaTeX Info: Redefining \addtolength on input line 81.
\calc@Ccount=\count284
\calc@Cskip=\skip68
)
(F:\apps\portableApps\MikTeXPortable\App\MikTeX\texmfs\install\tex/latex/margin
note\marginnote.sty
Package: marginnote 2018/08/09 v1.4b non floating margin notes for LaTeX
\c@mn@abspage=\count285
)
(F:\apps\portableApps\MikTeXPortable\App\MikTeX\texmfs\install\tex/generic/ifte
x\ifpdf.sty
Package: ifpdf 2019/10/25 v3.4 ifpdf legacy package. Use iftex instead.
)
(F:\apps\portableApps\MikTeXPortable\App\MikTeX\texmfs\install\tex/latex/soulpo
s\soulpos.sty
Package: soulpos 2012/02/25 v1.1 Fancy underlining
\ulp@subcnt=\count286
\ulp@cnt=\count287
\ulp@out=\write3
\ulp@in=\read4
\ulwidth=\dimen177
)

Package hyperref Warning: Option `pdftex' has already been used,
(hyperref)                setting the option has no effect on input line 1369.

Package zref Info: New property list: pdfcomment on input line 2735.
Package zref Info: New property: PCPDFOBJID on input line 2736.
))
(F:\apps\portableApps\MikTeXPortable\App\MikTeX\texmfs\install\tex/latex/fixfoo
t\fixfoot.sty
Package: fixfoot 2007/12/12 v0.3a fixed-text footnotes
)
(F:\apps\portableApps\MikTeXPortable\App\MikTeX\texmfs\install\tex/latex/l3back
end\l3backend-pdfmode.def
File: l3backend-pdfmode.def 2020-03-12 L3 backend support: PDF mode
\l__kernel_color_stack_int=\count288
\l__pdf_internal_box=\box53
) (filet.aux)
\openout1 = `filet.aux'.

LaTeX Font Info:    Checking defaults for OML/cmm/m/it on input line 338.
LaTeX Font Info:    ... okay on input line 338.
LaTeX Font Info:    Checking defaults for OMS/cmsy/m/n on input line 338.
LaTeX Font Info:    ... okay on input line 338.
LaTeX Font Info:    Checking defaults for OT1/cmr/m/n on input line 338.
LaTeX Font Info:    ... okay on input line 338.
LaTeX Font Info:    Checking defaults for T1/cmr/m/n on input line 338.
LaTeX Font Info:    ... okay on input line 338.
LaTeX Font Info:    Checking defaults for TS1/cmr/m/n on input line 338.
LaTeX Font Info:    ... okay on input line 338.
LaTeX Font Info:    Checking defaults for OMX/cmex/m/n on input line 338.
LaTeX Font Info:    ... okay on input line 338.
LaTeX Font Info:    Checking defaults for U/cmr/m/n on input line 338.
LaTeX Font Info:    ... okay on input line 338.
LaTeX Font Info:    Checking defaults for PD1/pdf/m/n on input line 338.
LaTeX Font Info:    ... okay on input line 338.

-- Lines per column: 61 (exact).

(F:\apps\portableApps\MikTeXPortable\App\MikTeX\texmfs\install\tex/context/base
/mkii\supp-pdf.mkii
[Loading MPS to PDF converter (version 2006.09.02).]
\scratchcounter=\count289
\scratchdimen=\dimen178
\scratchbox=\box54
\nofMPsegments=\count290
\nofMParguments=\count291
\everyMPshowfont=\toks27
\MPscratchCnt=\count292
\MPscratchDim=\dimen179
\MPnumerator=\count293
\makeMPintoPDFobject=\count294
\everyMPtoPDFconversion=\toks28
)
(F:\apps\portableApps\MikTeXPortable\App\MikTeX\texmfs\install\tex/latex/epstop
df-pkg\epstopdf-base.sty
Package: epstopdf-base 2020-01-24 v2.11 Base part for package epstopdf
Package epstopdf-base Info: Redefining graphics rule for `.eps' on input line 4
85.
)
\AtBeginShipoutBox=\box55
Package hyperref Info: Link coloring OFF on input line 338.

(F:\apps\portableApps\MikTeXPortable\App\MikTeX\texmfs\install\tex/latex/hyperr
ef\nameref.sty
Package: nameref 2019/09/16 v2.46 Cross-referencing by name of section

(F:\apps\portableApps\MikTeXPortable\App\MikTeX\texmfs\install\tex/generic/ober
diek\gettitlestring.sty
Package: gettitlestring 2016/05/16 v1.5 Cleanup title references (HO)
)
\c@section@level=\count295
)
LaTeX Info: Redefining \ref on input line 338.
LaTeX Info: Redefining \pageref on input line 338.
LaTeX Info: Redefining \nameref on input line 338.
 (filet.out) (filet.out)
\@outlinefile=\write4
\openout4 = `filet.out'.

Package soulpos Info: Loading soulutf8 on input line 338.

(F:\apps\portableApps\MikTeXPortable\App\MikTeX\texmfs\install\tex/generic/ober
diek\soulutf8.sty
Package: soulutf8 2016/05/16 v1.1 Permit use of UTF-8 characters in soul (HO)

(F:\apps\portableApps\MikTeXPortable\App\MikTeX\texmfs\install\tex/latex/soul\s
oul.sty
Package: soul 2003/11/17 v2.4 letterspacing/underlining (mf)
\SOUL@word=\toks29
\SOUL@lasttoken=\toks30
\SOUL@cmds=\toks31
\SOUL@buffer=\toks32
\SOUL@token=\toks33
\SOUL@spaceskip=\skip69
\SOUL@ttwidth=\dimen180
\SOUL@uldp=\dimen181
\SOUL@ulht=\dimen182
))
LaTeX Font Info:    Trying to load font information for OT1+phv on input line 4
64.

(F:\apps\portableApps\MikTeXPortable\App\MikTeX\texmfs\install\tex/latex/psnfss
\ot1phv.fd
File: ot1phv.fd 2001/06/04 scalable font definitions for OT1/phv.


LaTeX Warning: Font shape declaration has incorrect series value `mc'.
               It should not contain an `m'! Please correct it.
               Found on input line 21.


LaTeX Warning: Font shape declaration has incorrect series value `mc'.
               It should not contain an `m'! Please correct it.
               Found on input line 24.


LaTeX Warning: Font shape declaration has incorrect series value `mc'.
               It should not contain an `m'! Please correct it.
               Found on input line 27.


LaTeX Warning: Font shape declaration has incorrect series value `mc'.
               It should not contain an `m'! Please correct it.
               Found on input line 47.

)
LaTeX Font Info:    Calculating math sizes for size <11.04124> on input line 46
4.
LaTeX Font Info:    Trying to load font information for U+pzd on input line 464
.

(F:\apps\portableApps\MikTeXPortable\App\MikTeX\texmfs\install\tex/latex/psnfss
\upzd.fd
File: upzd.fd 2001/06/04 font definitions for U/pzd.
)
LaTeX Font Info:    Calculating math sizes for size <8.03> on input line 464.

Underfull \hbox (badness 10000) in paragraph at lines 464--464

 []


LaTeX Warning: Citation `pulseDialingPatent' on page 1 undefined on input line 
515.


LaTeX Warning: Citation `Leuenberger1989' on page 1 undefined on input line 519
.


LaTeX Warning: Citation `NCR2013' on page 1 undefined on input line 521.


LaTeX Warning: Citation `XKeyscore' on page 1 undefined on input line 521.


LaTeX Warning: Citation `Ball2013' on page 1 undefined on input line 521.


LaTeX Warning: Citation `Ackerman2013' on page 1 undefined on input line 521.


LaTeX Warning: Citation `Greenberg2013' on page 1 undefined on input line 521.


LaTeX Warning: Citation `XKeyscore' on page 1 undefined on input line 525.

LaTeX Font Info:    Calculating math sizes for size <9.53561> on input line 525
.

LaTeX Warning: Citation `RFC5321' on page 1 undefined on input line 530.


LaTeX Warning: Citation `RFC2045' on page 1 undefined on input line 530.


LaTeX Warning: Citation `RFC2015' on page 1 undefined on input line 530.


LaTeX Warning: Citation `Ackerman2013' on page 1 undefined on input line 532.


LaTeX Warning: Citation `NCR2013' on page 1 undefined on input line 538.


LaTeX Warning: Citation `XKeyscore' on page 1 undefined on input line 538.


LaTeX Warning: Citation `Ball2013' on page 1 undefined on input line 538.


LaTeX Warning: Citation `Greenberg2013' on page 1 undefined on input line 538.


LaTeX Warning: Citation `Leuenberger1989' on page 1 undefined on input line 538
.

[1{F:/apps/portableApps/MikTeXPortable/App/MikTeX/texmfs/data/pdftex/config/pdf
tex.map}

\openout3 = `filet.upa'.


]

LaTeX Warning: Citation `Amat1999' on page 2 undefined on input line 540.

LaTeX Font Info:    Font shape `OT1/phv/m/it' in size <9.53561> not available
(Font)              Font shape `OT1/phv/m/sl' tried instead on input line 558.
[2]

LaTeX Warning: Citation `anon_terminology' on page 3 undefined on input line 57
1.


Underfull \hbox (badness 1888) in paragraph at lines 575--576
[]\OT1/ppl/m/n/9.53561 MessageVortex is a pro-to-col pro-vid-ing censorship-
 []


Underfull \hbox (badness 1810) in paragraph at lines 593--594
[]\OT1/ppl/m/n/9.53561 An ad-ver-sary may mod-ify rout-ing in-for-ma-tion
 []

[3]

LaTeX Warning: Citation `anon_terminology' on page 4 undefined on input line 64
4.

\c@@omitted@fftn@serial=\count296
[4

]

LaTeX Warning: Citation `k-anonymous:ccs2003' on page 5 undefined on input line
 669.

<../../inc/roughProtocolDesign.pdf, id=194, 750.805pt x 307.1475pt>
File: ../../inc/roughProtocolDesign.pdf Graphic file (type pdf)
<use ../../inc/roughProtocolDesign.pdf>
Package pdftex.def Info: ../../inc/roughProtocolDesign.pdf  used on input line 
676.
(pdftex.def)             Requested size: 310.76486pt x 89.99844pt.

LaTeX Warning: Citation `mohajeri2013skypemorph' on page 5 undefined on input l
ine 686.


LaTeX Warning: Citation `AthanRAM07' on page 5 undefined on input line 686.


LaTeX Warning: Citation `f5' on page 5 undefined on input line 686.


LaTeX Warning: Citation `freenet' on page 5 undefined on input line 688.


LaTeX Warning: Citation `Ensafi_2015' on page 5 undefined on input line 690.


LaTeX Warning: Citation `Clayton_2006' on page 5 undefined on input line 690.


LaTeX Warning: Citation `lowe2007great' on page 5 undefined on input line 690.


LaTeX Warning: Citation `tor-spec' on page 5 undefined on input line 693.


LaTeX Warning: Citation `Egners_2012' on page 5 undefined on input line 693.


LaTeX Warning: Citation `iwanik2005duo' on page 5 undefined on input line 693.


LaTeX Warning: Citation `chaum-dc' on page 5 undefined on input line 693.


LaTeX Warning: Citation `tarzan:ccs02' on page 5 undefined on input line 693.


LaTeX Warning: Citation `AthanRAM07' on page 5 undefined on input line 693.


LaTeX Warning: Citation `babel' on page 5 undefined on input line 693.


LaTeX Warning: Citation `morphmix:wpes2002' on page 5 undefined on input line 6
93.


LaTeX Warning: Citation `minion-design' on page 5 undefined on input line 693.


LaTeX Warning: Citation `Salsa' on page 5 undefined on input line 693.


LaTeX Warning: Citation `Kondo2009' on page 5 undefined on input line 693.


LaTeX Warning: Citation `Bauer_2008' on page 5 undefined on input line 693.

[5

]
<../../inc/blockLayoutSimplified.pdf, id=205, 544.1459pt x 139.36366pt>
File: ../../inc/blockLayoutSimplified.pdf Graphic file (type pdf)
<use ../../inc/blockLayoutSimplified.pdf>
Package pdftex.def Info: ../../inc/blockLayoutSimplified.pdf  used on input lin
e 719.
(pdftex.def)             Requested size: 310.76414pt x 79.59332pt.

Underfull \hbox (badness 1888) in paragraph at lines 751--753
\OT1/ppl/m/n/9.53561 These in-struc-tions form the core for the
 []

[6 <../../inc/roughProtocolDesign.pdf>]

LaTeX Warning: Citation `reed1960polynomial' on page 7 undefined on input line 
802.


LaTeX Warning: Citation `mceliece1981sharing' on page 7 undefined on input line
 802.

<../../inc/roughProtocolDesign_workspace.pdf, id=219, 314.17375pt x 150.5625pt>

File: ../../inc/roughProtocolDesign_workspace.pdf Graphic file (type pdf)
<use ../../inc/roughProtocolDesign_workspace.pdf>
Package pdftex.def Info: ../../inc/roughProtocolDesign_workspace.pdf  used on i
nput line 818.
(pdftex.def)             Requested size: 151.76852pt x 72.73094pt.
[7 <../../inc/blockLayoutSimplified.pdf>]

LaTeX Warning: Citation `f5' on page 8 undefined on input line 828.


LaTeX Warning: Citation `oakland2013-parrot' on page 8 undefined on input line 
873.

[8 <../../inc/roughProtocolDesign_workspace.pdf>]

LaTeX Warning: Citation `f5' on page 9 undefined on input line 879.


LaTeX Warning: Citation `F5broken' on page 9 undefined on input line 879.

<../../inc/addRedundancyOp.pdf, id=303, 272.1628pt x 211.45499pt>
File: ../../inc/addRedundancyOp.pdf Graphic file (type pdf)
<use ../../inc/addRedundancyOp.pdf>
Package pdftex.def Info: ../../inc/addRedundancyOp.pdf  used on input line 963.

(pdftex.def)             Requested size: 126.47249pt x 98.261pt.
[9 <../../inc/addRedundancyOp.pdf>]
<../../inc/randomblock_10kb.png, id=353, 1141.866pt x 899.7615pt>
File: ../../inc/randomblock_10kb.png Graphic file (type png)
<use ../../inc/randomblock_10kb.png>
Package pdftex.def Info: ../../inc/randomblock_10kb.png  used on input line 100
3.
(pdftex.def)             Requested size: 252.94499pt x 199.30733pt.
 [10 <../../inc/randomblock_10kb.png>]

LaTeX Warning: Citation `oakland2013-parrot' on page 11 undefined on input line
 1040.

[11]
<../../inc/messagePaths.pdf, id=372, 527.34314pt x 390.02614pt>
File: ../../inc/messagePaths.pdf Graphic file (type pdf)
<use ../../inc/messagePaths.pdf>
Package pdftex.def Info: ../../inc/messagePaths.pdf  used on input line 1071.
(pdftex.def)             Requested size: 126.47249pt x 93.53676pt.
 [12 <../../inc/messagePaths.pdf>]

LaTeX Warning: Citation `MessageVortexRFC' on page 13 undefined on input line 1
112.


LaTeX Warning: Citation `messageVortex' on page 13 undefined on input line 1112
.

(filet.bbl)
<../../inc/biography//passphoto.png, id=394, 605.26125pt x 908.49413pt>
File: ../../inc/biography//passphoto.png Graphic file (type png)
<use ../../inc/biography//passphoto.png>
Package pdftex.def Info: ../../inc/biography//passphoto.png  used on input line
 1324.
(pdftex.def)             Requested size: 60.17871pt x 90.32796pt.
File: ../../inc/biography//passphoto.png Graphic file (type png)
<use ../../inc/biography//passphoto.png>
Package pdftex.def Info: ../../inc/biography//passphoto.png  used on input line
 1324.
(pdftex.def)             Requested size: 60.17871pt x 90.32796pt.
 (../../inc/biography//biotext.inc.tex)

FiXme Summary: Number of notes: 0,
(FiXme)        Number of warnings: 0,
(FiXme)        Number of errors: 0,
(FiXme)        Number of fatal errors: 0,
(FiXme)        Total: 0.

Package atveryend Info: Empty hook `BeforeClearDocument' on input line 1356.
[13 <../../inc/biography//passphoto.png>]
Package atveryend Info: Empty hook `AfterLastShipout' on input line 1356.
 (filet.aux
* soulpos - computing points - it may take a few seconds *
\openout3 = `filet.upb'.

 (filet.upa))
Package atveryend Info: Executing hook `AtVeryEndDocument' on input line 1356.
Package atveryend Info: Executing hook `AtEndAfterFileList' on input line 1356.

Package rerunfilecheck Info: File `filet.out' has not changed.
(rerunfilecheck)             Checksum: 39509DB6920DD218858039EBA5C3CD86;2963.


LaTeX Warning: There were undefined references.

Package atveryend Info: Empty hook `AtVeryVeryEnd' on input line 1356.
 ) 
Here is how much of TeX's memory you used:
 12420 strings out of 480931
 232244 string characters out of 2893713
 503406 words of memory out of 3000000
 27989 multiletter control sequences out of 15000+200000
 580054 words of font info for 122 fonts, out of 3000000 for 9000
 1143 hyphenation exceptions out of 8191
 56i,11n,78p,1401b,428s stack positions out of 5000i,500n,10000p,200000b,50000s
pdfTeX warning (dest): name{Hfootnote.3} has been referenced but does not exi
st, replaced by a fixed one

pdfTeX warning (dest): name{Hfootnote.2} has been referenced but does not exist
, replaced by a fixed one

{F:/apps/portableApps/MikTeXPortable/App/MikTeX/texmfs/install/fonts/enc/dvips/
base/8r.enc}<F:/apps/portableApps/MikTeXPortable/App/MikTeX/texmfs/install/font
s/type1/public/amsfonts/cm/cmbx10.pfb><F:/apps/portableApps/MikTeXPortable/App/
MikTeX/texmfs/install/fonts/type1/public/amsfonts/cm/cmbx5.pfb><F:/apps/portabl
eApps/MikTeXPortable/App/MikTeX/texmfs/install/fonts/type1/public/amsfonts/cm/c
mbx7.pfb><F:/apps/portableApps/MikTeXPortable/App/MikTeX/texmfs/install/fonts/t
ype1/public/amsfonts/cm/cmex10.pfb><F:/apps/portableApps/MikTeXPortable/App/Mik
TeX/texmfs/install/fonts/type1/public/amsfonts/cm/cmmi10.pfb><F:/apps/portableA
pps/MikTeXPortable/App/MikTeX/texmfs/install/fonts/type1/public/amsfonts/cm/cmm
i12.pfb><F:/apps/portableApps/MikTeXPortable/App/MikTeX/texmfs/install/fonts/ty
pe1/public/amsfonts/cm/cmmi5.pfb><F:/apps/portableApps/MikTeXPortable/App/MikTe
X/texmfs/install/fonts/type1/public/amsfonts/cm/cmmi6.pfb><F:/apps/portableApps
/MikTeXPortable/App/MikTeX/texmfs/install/fonts/type1/public/amsfonts/cm/cmmi7.
pfb><F:/apps/portableApps/MikTeXPortable/App/MikTeX/texmfs/install/fonts/type1/
public/amsfonts/cm/cmmi8.pfb><F:/apps/portableApps/MikTeXPortable/App/MikTeX/te
xmfs/install/fonts/type1/public/amsfonts/cm/cmr10.pfb><F:/apps/portableApps/Mik
TeXPortable/App/MikTeX/texmfs/install/fonts/type1/public/amsfonts/cm/cmr12.pfb>
<F:/apps/portableApps/MikTeXPortable/App/MikTeX/texmfs/install/fonts/type1/publ
ic/amsfonts/cm/cmr5.pfb><F:/apps/portableApps/MikTeXPortable/App/MikTeX/texmfs/
install/fonts/type1/public/amsfonts/cm/cmr6.pfb><F:/apps/portableApps/MikTeXPor
table/App/MikTeX/texmfs/install/fonts/type1/public/amsfonts/cm/cmr7.pfb><F:/app
s/portableApps/MikTeXPortable/App/MikTeX/texmfs/install/fonts/type1/public/amsf
onts/cm/cmr8.pfb><F:/apps/portableApps/MikTeXPortable/App/MikTeX/texmfs/install
/fonts/type1/public/amsfonts/cm/cmsy10.pfb><F:/apps/portableApps/MikTeXPortable
/App/MikTeX/texmfs/install/fonts/type1/public/amsfonts/cm/cmsy5.pfb><F:/apps/po
rtableApps/MikTeXPortable/App/MikTeX/texmfs/install/fonts/type1/public/amsfonts
/cm/cmsy6.pfb><F:/apps/portableApps/MikTeXPortable/App/MikTeX/texmfs/install/fo
nts/type1/public/amsfonts/cm/cmsy7.pfb><F:/apps/portableApps/MikTeXPortable/App
/MikTeX/texmfs/install/fonts/type1/public/amsfonts/cm/cmsy8.pfb><F:/apps/portab
leApps/MikTeXPortable/App/MikTeX/texmfs/install/fonts/type1/urw/helvetic/uhvb8a
.pfb><F:/apps/portableApps/MikTeXPortable/App/MikTeX/texmfs/install/fonts/type1
/urw/helvetic/uhvr8a.pfb><F:/apps/portableApps/MikTeXPortable/App/MikTeX/texmfs
/install/fonts/type1/urw/helvetic/uhvro8a.pfb><F:/apps/portableApps/MikTeXPorta
ble/App/MikTeX/texmfs/install/fonts/type1/urw/palatino/uplb8a.pfb><F:/apps/port
ableApps/MikTeXPortable/App/MikTeX/texmfs/install/fonts/type1/urw/palatino/uplr
8a.pfb><F:/apps/portableApps/MikTeXPortable/App/MikTeX/texmfs/install/fonts/typ
e1/urw/palatino/uplri8a.pfb><F:/apps/portableApps/MikTeXPortable/App/MikTeX/tex
mfs/install/fonts/type1/urw/zapfding/uzdr.pfb>
Output written on filet.pdf (13 pages, 8619098 bytes).
PDF statistics:
 490 PDF objects out of 1000 (max. 8388607)
 79 named destinations out of 1000 (max. 500000)
 344 words of extra memory for PDF output out of 10000 (max. 10000000)

