This is pdfTeX, Version 3.14159265-2.6-1.40.21 (MiKTeX 2.9.7380) (preloaded format=pdflatex 2020.4.3)  16 APR 2020 06:18
entering extended mode
**./MessageVortexExcerpt.tex
(MessageVortexExcerpt.tex
LaTeX2e <2020-02-02> patch level 5
L3 programming layer <2020-03-06>
(F:\apps\portableApps\MikTeXPortable\App\MikTeX\texmfs\install\tex/latex/acmart
\acmart.cls
Document Class: acmart 2020/02/22 v1.70 Typesetting articles for the Associatio
n for Computing Machinery

(F:\apps\portableApps\MikTeXPortable\App\MikTeX\texmfs\install\tex/latex/xkeyva
l\xkeyval.sty
Package: xkeyval 2014/12/03 v2.7a package option processing (HA)

(F:\apps\portableApps\MikTeXPortable\App\MikTeX\texmfs\install\tex/generic/xkey
val\xkeyval.tex
(F:\apps\portableApps\MikTeXPortable\App\MikTeX\texmfs\install\tex/generic/xkey
val\xkvutils.tex
\XKV@toks=\toks15
\XKV@tempa@toks=\toks16

(F:\apps\portableApps\MikTeXPortable\App\MikTeX\texmfs\install\tex/generic/xkey
val\keyval.tex))
\XKV@depth=\count167
File: xkeyval.tex 2014/12/03 v2.7a key=value parser (HA)
))
(F:\apps\portableApps\MikTeXPortable\App\MikTeX\texmfs\install\tex/latex/xstrin
g\xstring.sty
(F:\apps\portableApps\MikTeXPortable\App\MikTeX\texmfs\install\tex/generic/xstr
ing\xstring.tex
\integerpart=\count168
\decimalpart=\count169
)
Package: xstring 2019/02/06 v1.83 String manipulations (CT)
)
Package acmart Info: Not using screen mode on input line 72.
Package acmart Info: Using breaking urls on hyphens on input line 80.
Package acmart Info: Requiring acmthm on input line 88.
Package acmart Info: Not using review mode on input line 97.
Package acmart Info: Not using authorversion mode on input line 105.
Package acmart Info: Not using nonacm mode on input line 117.
Package acmart Info: Explicitly selecting natbib mode on input line 129.
Package acmart Info: Not using anonymous mode on input line 137.
Package acmart Info: Not using timestamp mode on input line 145.
Package acmart Info: Not using authordraft mode on input line 155.
Package acmart Info: Using screen mode on input line 164.
Package acmart Info: Explicitly deselecting natbib mode on input line 164.
Class acmart Info: Using format acmsmall, number 1 on input line 164.
Class acmart Info: Using fontsize 10pt on input line 228.

(F:\apps\portableApps\MikTeXPortable\App\MikTeX\texmfs\install\tex/latex/amscls
\amsart.cls
Document Class: amsart 2017/10/31 v2.20.4
\linespacing=\dimen134
\normalparindent=\dimen135
\normaltopskip=\skip47

(F:\apps\portableApps\MikTeXPortable\App\MikTeX\texmfs\install\tex/latex/amsmat
h\amsmath.sty
Package: amsmath 2020/01/20 v2.17e AMS math features
\@mathmargin=\skip48

For additional information on amsmath, use the `?' option.

(F:\apps\portableApps\MikTeXPortable\App\MikTeX\texmfs\install\tex/latex/amsmat
h\amstext.sty
Package: amstext 2000/06/29 v2.01 AMS text

(F:\apps\portableApps\MikTeXPortable\App\MikTeX\texmfs\install\tex/latex/amsmat
h\amsgen.sty
File: amsgen.sty 1999/11/30 v2.0 generic functions
\@emptytoks=\toks17
\ex@=\dimen136
))
(F:\apps\portableApps\MikTeXPortable\App\MikTeX\texmfs\install\tex/latex/amsmat
h\amsbsy.sty
Package: amsbsy 1999/11/29 v1.2d Bold Symbols
\pmbraise@=\dimen137
)
(F:\apps\portableApps\MikTeXPortable\App\MikTeX\texmfs\install\tex/latex/amsmat
h\amsopn.sty
Package: amsopn 2016/03/08 v2.02 operator names
)
\inf@bad=\count170
LaTeX Info: Redefining \frac on input line 227.
\uproot@=\count171
\leftroot@=\count172
LaTeX Info: Redefining \overline on input line 389.
\classnum@=\count173
\DOTSCASE@=\count174
LaTeX Info: Redefining \ldots on input line 486.
LaTeX Info: Redefining \dots on input line 489.
LaTeX Info: Redefining \cdots on input line 610.
\Mathstrutbox@=\box45
\strutbox@=\box46
\big@size=\dimen138
LaTeX Font Info:    Redeclaring font encoding OML on input line 733.
LaTeX Font Info:    Redeclaring font encoding OMS on input line 734.
\macc@depth=\count175
\c@MaxMatrixCols=\count176
\dotsspace@=\muskip16
\c@parentequation=\count177
\dspbrk@lvl=\count178
\tag@help=\toks18
\row@=\count179
\column@=\count180
\maxfields@=\count181
\andhelp@=\toks19
\eqnshift@=\dimen139
\alignsep@=\dimen140
\tagshift@=\dimen141
\tagwidth@=\dimen142
\totwidth@=\dimen143
\lineht@=\dimen144
\@envbody=\toks20
\multlinegap=\skip49
\multlinetaggap=\skip50
\mathdisplay@stack=\toks21
LaTeX Info: Redefining \[ on input line 2859.
LaTeX Info: Redefining \] on input line 2860.
)
LaTeX Font Info:    Trying to load font information for U+msa on input line 398
.

(F:\apps\portableApps\MikTeXPortable\App\MikTeX\texmfs\install\tex/latex/amsfon
ts\umsa.fd
File: umsa.fd 2013/01/14 v3.01 AMS symbols A
)
(F:\apps\portableApps\MikTeXPortable\App\MikTeX\texmfs\install\tex/latex/amsfon
ts\amsfonts.sty
Package: amsfonts 2013/01/14 v3.01 Basic AMSFonts support
\symAMSa=\mathgroup4
\symAMSb=\mathgroup5
LaTeX Font Info:    Redeclaring math symbol \hbar on input line 98.
LaTeX Font Info:    Overwriting math alphabet `\mathfrak' in version `bold'
(Font)                  U/euf/m/n --> U/euf/b/n on input line 106.
)
\copyins=\insert199
\abstractbox=\box47
\listisep=\skip51
\c@part=\count182
\c@section=\count183
\c@subsection=\count184
\c@subsubsection=\count185
\c@paragraph=\count186
\c@subparagraph=\count187
\c@figure=\count188
\c@table=\count189
\abovecaptionskip=\skip52
\belowcaptionskip=\skip53
\captionindent=\dimen145
\thm@style=\toks22
\thm@bodyfont=\toks23
\thm@headfont=\toks24
\thm@notefont=\toks25
\thm@headpunct=\toks26
\thm@preskip=\skip54
\thm@postskip=\skip55
\thm@headsep=\skip56
\dth@everypar=\toks27
)
(F:\apps\portableApps\MikTeXPortable\App\MikTeX\texmfs\install\tex/latex/microt
ype\microtype.sty
Package: microtype 2019/11/18 v2.7d Micro-typographical refinements (RS)
\MT@toks=\toks28
\MT@count=\count190
LaTeX Info: Redefining \textls on input line 790.
\MT@outer@kern=\dimen146
LaTeX Info: Redefining \textmicrotypecontext on input line 1354.
\MT@listname@count=\count191

(F:\apps\portableApps\MikTeXPortable\App\MikTeX\texmfs\install\tex/latex/microt
ype\microtype-pdftex.def
File: microtype-pdftex.def 2019/11/18 v2.7d Definitions specific to pdftex (RS)

LaTeX Info: Redefining \lsstyle on input line 914.
LaTeX Info: Redefining \lslig on input line 914.
\MT@outer@space=\skip57
)
Package microtype Info: Loading configuration file microtype.cfg.

(F:\apps\portableApps\MikTeXPortable\App\MikTeX\texmfs\install\tex/latex/microt
ype\microtype.cfg
File: microtype.cfg 2019/11/18 v2.7d microtype main configuration file (RS)
))
(F:\apps\portableApps\MikTeXPortable\App\MikTeX\texmfs\install\tex/latex/etoolb
ox\etoolbox.sty
Package: etoolbox 2019/09/21 v2.5h e-TeX tools for LaTeX (JAW)
\etb@tempcnta=\count192
)
(F:\apps\portableApps\MikTeXPortable\App\MikTeX\texmfs\install\tex/latex/bookta
bs\booktabs.sty
Package: booktabs 2020/01/12 v1.61803398 Publication quality tables
\heavyrulewidth=\dimen147
\lightrulewidth=\dimen148
\cmidrulewidth=\dimen149
\belowrulesep=\dimen150
\belowbottomsep=\dimen151
\aboverulesep=\dimen152
\abovetopsep=\dimen153
\cmidrulesep=\dimen154
\cmidrulekern=\dimen155
\defaultaddspace=\dimen156
\@cmidla=\count193
\@cmidlb=\count194
\@aboverulesep=\dimen157
\@belowrulesep=\dimen158
\@thisruleclass=\count195
\@lastruleclass=\count196
\@thisrulewidth=\dimen159
)
(F:\apps\portableApps\MikTeXPortable\App\MikTeX\texmfs\install\tex/latex/oberdi
ek\refcount.sty
Package: refcount 2016/05/16 v3.5 Data extraction from label references (HO)

(F:\apps\portableApps\MikTeXPortable\App\MikTeX\texmfs\install\tex/generic/ober
diek\ltxcmds.sty
Package: ltxcmds 2016/05/16 v1.23 LaTeX kernel commands for general use (HO)
)
(F:\apps\portableApps\MikTeXPortable\App\MikTeX\texmfs\install\tex/generic/infw
arerr\infwarerr.sty
Package: infwarerr 2019/12/03 v1.5 Providing info/warning/error messages (HO)
))
(F:\apps\portableApps\MikTeXPortable\App\MikTeX\texmfs\install\tex/latex/totpag
es\totpages.sty
Package: totpages 2005/09/19 v2.00 Totpages Package (muewi)

(F:\apps\portableApps\MikTeXPortable\App\MikTeX\texmfs\install\tex/latex/ms\eve
ryshi.sty
Package: everyshi 2001/05/15 v3.00 EveryShipout Package (MS)
))
(F:\apps\portableApps\MikTeXPortable\App\MikTeX\texmfs\install\tex/latex/enviro
n\environ.sty
Package: environ 2014/05/04 v0.3 A new way to define environments

(F:\apps\portableApps\MikTeXPortable\App\MikTeX\texmfs\install\tex/latex/trimsp
aces\trimspaces.sty
Package: trimspaces 2009/09/17 v1.1 Trim spaces around a token list
))
(F:\apps\portableApps\MikTeXPortable\App\MikTeX\texmfs\install\tex/latex/textca
se\textcase.sty
Package: textcase 2019/09/14 v1.00 Text only upper/lower case changing (DPC)
)
(F:\apps\portableApps\MikTeXPortable\App\MikTeX\texmfs\install\tex/latex/hyperr
ef\hyperref.sty
Package: hyperref 2020/01/14 v7.00d Hypertext links for LaTeX

(F:\apps\portableApps\MikTeXPortable\App\MikTeX\texmfs\install\tex/generic/ifte
x\iftex.sty
Package: iftex 2020/03/06 v1.0d TeX engine tests
)
(F:\apps\portableApps\MikTeXPortable\App\MikTeX\texmfs\install\tex/latex/pdftex
cmds\pdftexcmds.sty
Package: pdftexcmds 2019/11/24 v0.31 Utility functions of pdfTeX for LuaTeX (HO
)
Package pdftexcmds Info: \pdf@primitive is available.
Package pdftexcmds Info: \pdf@ifprimitive is available.
Package pdftexcmds Info: \pdfdraftmode found.
)
(F:\apps\portableApps\MikTeXPortable\App\MikTeX\texmfs\install\tex/generic/ober
diek\kvsetkeys.sty
Package: kvsetkeys 2016/05/16 v1.17 Key value parser (HO)

(F:\apps\portableApps\MikTeXPortable\App\MikTeX\texmfs\install\tex/generic/ober
diek\etexcmds.sty
Package: etexcmds 2016/05/16 v1.6 Avoid name clashes with e-TeX commands (HO)

(F:\apps\portableApps\MikTeXPortable\App\MikTeX\texmfs\install\tex/generic/ifte
x\ifluatex.sty
Package: ifluatex 2019/10/25 v1.5 ifluatex legacy package. Use iftex instead.
)))
(F:\apps\portableApps\MikTeXPortable\App\MikTeX\texmfs\install\tex/generic/ober
diek\kvdefinekeys.sty
Package: kvdefinekeys 2016/05/16 v1.4 Define keys (HO)
)
(F:\apps\portableApps\MikTeXPortable\App\MikTeX\texmfs\install\tex/generic/pdfe
scape\pdfescape.sty
Package: pdfescape 2019/12/09 v1.15 Implements pdfTeX's escape features (HO)
)
(F:\apps\portableApps\MikTeXPortable\App\MikTeX\texmfs\install\tex/latex/oberdi
ek\hycolor.sty
Package: hycolor 2016/05/16 v1.8 Color options for hyperref/bookmark (HO)

(F:\apps\portableApps\MikTeXPortable\App\MikTeX\texmfs\install\tex/latex/oberdi
ek\xcolor-patch.sty
Package: xcolor-patch 2016/05/16 xcolor patch

(F:\apps\portableApps\MikTeXPortable\App\MikTeX\texmfs\install\tex/latex/oberdi
ek\hopatch.sty
Package: hopatch 2016/05/16 v1.3 Wrapper for package hooks (HO)
)))
(F:\apps\portableApps\MikTeXPortable\App\MikTeX\texmfs\install\tex/latex/letltx
macro\letltxmacro.sty
Package: letltxmacro 2019/12/03 v1.6 Let assignment for LaTeX macros (HO)
)
(F:\apps\portableApps\MikTeXPortable\App\MikTeX\texmfs\install\tex/latex/oberdi
ek\auxhook.sty
Package: auxhook 2016/05/16 v1.4 Hooks for auxiliary files (HO)
)
(F:\apps\portableApps\MikTeXPortable\App\MikTeX\texmfs\install\tex/latex/kvopti
ons\kvoptions.sty
Package: kvoptions 2019/11/29 v3.13 Key value format for package options (HO)
)
\@linkdim=\dimen160
\Hy@linkcounter=\count197
\Hy@pagecounter=\count198

(F:\apps\portableApps\MikTeXPortable\App\MikTeX\texmfs\install\tex/latex/hyperr
ef\pd1enc.def
File: pd1enc.def 2020/01/14 v7.00d Hyperref: PDFDocEncoding definition (HO)
Now handling font encoding PD1 ...
... no UTF-8 mapping file for font encoding PD1
)
(F:\apps\portableApps\MikTeXPortable\App\MikTeX\texmfs\install\tex/generic/ober
diek\intcalc.sty
Package: intcalc 2016/05/16 v1.2 Expandable calculations with integers (HO)
)
\Hy@SavedSpaceFactor=\count266
Package hyperref Info: Option `final' set `true' on input line 4421.
Package hyperref Info: Option `bookmarksnumbered' set `true' on input line 4421
.
Package hyperref Info: Option `unicode' set `true' on input line 4421.

(F:\apps\portableApps\MikTeXPortable\App\MikTeX\texmfs\install\tex/latex/hyperr
ef\puenc.def
File: puenc.def 2020/01/14 v7.00d Hyperref: PDF Unicode definition (HO)
Now handling font encoding PU ...
... no UTF-8 mapping file for font encoding PU
)
Package hyperref Info: Hyper figures OFF on input line 4547.
Package hyperref Info: Link nesting OFF on input line 4552.
Package hyperref Info: Hyper index ON on input line 4555.
Package hyperref Info: Plain pages OFF on input line 4562.
Package hyperref Info: Backreferencing OFF on input line 4567.
Package hyperref Info: Implicit mode ON; LaTeX internals redefined.
Package hyperref Info: Bookmarks ON on input line 4800.
\c@Hy@tempcnt=\count267

(F:\apps\portableApps\MikTeXPortable\App\MikTeX\texmfs\install\tex/latex/url\ur
l.sty
\Urlmuskip=\muskip17
Package: url 2013/09/16  ver 3.4  Verb mode for urls, etc.
)
LaTeX Info: Redefining \url on input line 5159.
\XeTeXLinkMargin=\dimen161

(F:\apps\portableApps\MikTeXPortable\App\MikTeX\texmfs\install\tex/generic/bits
et\bitset.sty
Package: bitset 2019/12/09 v1.3 Handle bit-vector datatype (HO)

(F:\apps\portableApps\MikTeXPortable\App\MikTeX\texmfs\install\tex/generic/ober
diek\bigintcalc.sty
Package: bigintcalc 2016/05/16 v1.4 Expandable calculations on big integers (HO
)
))
\Fld@menulength=\count268
\Field@Width=\dimen162
\Fld@charsize=\dimen163
Package hyperref Info: Hyper figures OFF on input line 6430.
Package hyperref Info: Link nesting OFF on input line 6435.
Package hyperref Info: Hyper index ON on input line 6438.
Package hyperref Info: backreferencing OFF on input line 6445.
Package hyperref Info: Link coloring OFF on input line 6450.
Package hyperref Info: Link coloring with OCG OFF on input line 6455.
Package hyperref Info: PDF/A mode OFF on input line 6460.
LaTeX Info: Redefining \ref on input line 6500.
LaTeX Info: Redefining \pageref on input line 6504.

(F:\apps\portableApps\MikTeXPortable\App\MikTeX\texmfs\install\tex/generic/atbe
gshi\atbegshi.sty
Package: atbegshi 2019/12/05 v1.19 At begin shipout hook (HO)
)
\Hy@abspage=\count269
\c@Item=\count270
\c@Hfootnote=\count271
)
Package hyperref Info: Driver (autodetected): hpdftex.

(F:\apps\portableApps\MikTeXPortable\App\MikTeX\texmfs\install\tex/latex/hyperr
ef\hpdftex.def
File: hpdftex.def 2020/01/14 v7.00d Hyperref driver for pdfTeX

(F:\apps\portableApps\MikTeXPortable\App\MikTeX\texmfs\install\tex/latex/atvery
end\atveryend.sty
Package: atveryend 2019-12-11 v1.11 Hooks at the very end of document (HO)
)
\Fld@listcount=\count272
\c@bookmark@seq@number=\count273

(F:\apps\portableApps\MikTeXPortable\App\MikTeX\texmfs\install\tex/latex/rerunf
ilecheck\rerunfilecheck.sty
Package: rerunfilecheck 2019/12/05 v1.9 Rerun checks for auxiliary files (HO)

(F:\apps\portableApps\MikTeXPortable\App\MikTeX\texmfs\install\tex/generic/ober
diek\uniquecounter.sty
Package: uniquecounter 2016/05/16 v1.3 Provide unlimited unique counter (HO)
)
Package uniquecounter Info: New unique counter `rerunfilecheck' on input line 2
86.
)
\Hy@SectionHShift=\skip58
)
(F:\apps\portableApps\MikTeXPortable\App\MikTeX\texmfs\install\tex/latex/graphi
cs\graphicx.sty
Package: graphicx 2019/11/30 v1.2a Enhanced LaTeX Graphics (DPC,SPQR)

(F:\apps\portableApps\MikTeXPortable\App\MikTeX\texmfs\install\tex/latex/graphi
cs\graphics.sty
Package: graphics 2019/11/30 v1.4a Standard LaTeX Graphics (DPC,SPQR)

(F:\apps\portableApps\MikTeXPortable\App\MikTeX\texmfs\install\tex/latex/graphi
cs\trig.sty
Package: trig 2016/01/03 v1.10 sin cos tan (DPC)
)
(F:\apps\portableApps\MikTeXPortable\App\MikTeX\texmfs\install\tex/latex/graphi
cs-cfg\graphics.cfg
File: graphics.cfg 2016/06/04 v1.11 sample graphics configuration
)
Package graphics Info: Driver file: pdftex.def on input line 105.

(F:\apps\portableApps\MikTeXPortable\App\MikTeX\texmfs\install\tex/latex/graphi
cs-def\pdftex.def
File: pdftex.def 2018/01/08 v1.0l Graphics/color driver for pdftex
))
\Gin@req@height=\dimen164
\Gin@req@width=\dimen165
)
(F:\apps\portableApps\MikTeXPortable\App\MikTeX\texmfs\install\tex/latex/xcolor
\xcolor.sty
Package: xcolor 2016/05/11 v2.12 LaTeX color extensions (UK)

(F:\apps\portableApps\MikTeXPortable\App\MikTeX\texmfs\install\tex/latex/graphi
cs-cfg\color.cfg
File: color.cfg 2016/01/02 v1.6 sample color configuration
)
Package xcolor Info: Driver file: pdftex.def on input line 225.
Package xcolor Info: Model `cmy' substituted by `cmy0' on input line 1348.
Package xcolor Info: Model `hsb' substituted by `rgb' on input line 1352.
Package xcolor Info: Model `RGB' extended on input line 1364.
Package xcolor Info: Model `HTML' substituted by `rgb' on input line 1366.
Package xcolor Info: Model `Hsb' substituted by `hsb' on input line 1367.
Package xcolor Info: Model `tHsb' substituted by `hsb' on input line 1368.
Package xcolor Info: Model `HSB' substituted by `hsb' on input line 1369.
Package xcolor Info: Model `Gray' substituted by `gray' on input line 1370.
Package xcolor Info: Model `wave' substituted by `hsb' on input line 1371.
)
(F:\apps\portableApps\MikTeXPortable\App\MikTeX\texmfs\install\tex/latex/geomet
ry\geometry.sty
Package: geometry 2018/04/16 v5.8 Page Geometry

(F:\apps\portableApps\MikTeXPortable\App\MikTeX\texmfs\install\tex/generic/ifte
x\ifpdf.sty
Package: ifpdf 2019/10/25 v3.4 ifpdf legacy package. Use iftex instead.
)
(F:\apps\portableApps\MikTeXPortable\App\MikTeX\texmfs\install\tex/generic/ifte
x\ifvtex.sty
Package: ifvtex 2019/10/25 v1.7 ifvtex legacy package. Use iftex instead.
)
(F:\apps\portableApps\MikTeXPortable\App\MikTeX\texmfs\install\tex/generic/ifte
x\ifxetex.sty
Package: ifxetex 2019/10/25 v0.7 ifxetex legacy package. Use iftex instead.
)
\Gm@cnth=\count274
\Gm@cntv=\count275
\c@Gm@tempcnt=\count276
\Gm@bindingoffset=\dimen166
\Gm@wd@mp=\dimen167
\Gm@odd@mp=\dimen168
\Gm@even@mp=\dimen169
\Gm@layoutwidth=\dimen170
\Gm@layoutheight=\dimen171
\Gm@layouthoffset=\dimen172
\Gm@layoutvoffset=\dimen173
\Gm@dimlist=\toks29

(F:\apps\portableApps\MikTeXPortable\App\MikTeX\texmfs\install\tex/latex/geomet
ry\geometry.cfg))
(F:\apps\portableApps\MikTeXPortable\App\MikTeX\texmfs\install\tex/latex/ncctoo
ls\manyfoot.sty
Package: manyfoot 2019/08/03 v1.11 Many Footnote Levels Package (NCC)

(F:\apps\portableApps\MikTeXPortable\App\MikTeX\texmfs\install\tex/latex/ncctoo
ls\nccfoots.sty
Package: nccfoots 2005/02/03 v1.2 NCC Footnotes Package (NCC)
)
\MFL@columnwidth=\dimen174
)
\footinsauthorsaddresses=\insert252
\c@footnoteauthorsaddresses=\count277
\footinscopyrightpermission=\insert251
\c@footnotecopyrightpermission=\count278

(F:\apps\portableApps\MikTeXPortable\App\MikTeX\texmfs\install\tex/generic/pdft
ex\glyphtounicode.tex)
(F:\apps\portableApps\MikTeXPortable\App\MikTeX\texmfs\install\tex/latex/cmap\c
map.sty
Package: cmap 2008/03/06 v1.0h CMap support: searchable PDF
)
(F:\apps\portableApps\MikTeXPortable\App\MikTeX\texmfs\install\tex/latex/base\f
ontenc.sty
Package: fontenc 2020/02/11 v2.0o Standard LaTeX package
<<t1.cmap>>)
(F:\apps\portableApps\MikTeXPortable\App\MikTeX\texmfs\install\tex/latex/libert
ine\libertine.sty
Package: libertine 2020/03/26 (Bob Tennent) Supports Libertine and Biolinum fon
ts for all LaTeX engines.

(F:\apps\portableApps\MikTeXPortable\App\MikTeX\texmfs\install\tex/latex/base\t
extcomp.sty
Package: textcomp 2020/02/02 v2.0n Standard LaTeX package
)
(F:\apps\portableApps\MikTeXPortable\App\MikTeX\texmfs\install\tex/latex/base\f
ontenc.sty
Package: fontenc 2020/02/11 v2.0o Standard LaTeX package
)
(F:\apps\portableApps\MikTeXPortable\App\MikTeX\texmfs\install\tex/latex/fontax
es\fontaxes.sty
Package: fontaxes 2014/03/23 v1.0d Font selection axes
LaTeX Info: Redefining \upshape on input line 29.
LaTeX Info: Redefining \itshape on input line 31.
LaTeX Info: Redefining \slshape on input line 33.
LaTeX Info: Redefining \swshape on input line 35.
LaTeX Info: Redefining \scshape on input line 37.
LaTeX Info: Redefining \sscshape on input line 39.
LaTeX Info: Redefining \ulcshape on input line 41.
LaTeX Info: Redefining \textsw on input line 47.
LaTeX Info: Redefining \textssc on input line 48.
LaTeX Info: Redefining \textulc on input line 49.
)
LaTeX Info: Redefining \oldstylenums on input line 484.

(F:\apps\portableApps\MikTeXPortable\App\MikTeX\texmfs\install\tex/latex/libert
ine\LinLibertine_I.tex))
(F:\apps\portableApps\MikTeXPortable\App\MikTeX\texmfs\install\tex/latex/incons
olata\zi4.sty
Package: zi4 2019/05/17 v1.12

`inconsolata-zi4' v1.12, 2019/05/17 Text macros for Inconsolata (msharpe)
\zifour@ocount=\count279
)
(F:\apps\portableApps\MikTeXPortable\App\MikTeX\texmfs\install\tex/latex/newtx\
newtxmath.sty
Package: newtxmath 2020/03/02 v1.625

`newtxmath' v1.625, 2020/03/02 Math macros based originally on txfonts (msharpe
)
(F:\apps\portableApps\MikTeXPortable\App\MikTeX\texmfs\install\tex/latex/oberdi
ek\centernot.sty
Package: centernot 2016/05/16 v1.4 Centers the not symbol horizontally (HO)
)
\tx@cntz=\count280

(F:\apps\portableApps\MikTeXPortable\App\MikTeX\texmfs\install\tex/generic/binh
ex\binhex.tex)
\tx@Isdigit=\count281
\tx@IsAlNum=\count282
\tx@tA=\toks30
\tx@tB=\toks31
\tx@su=\read2
LaTeX Font Info:    Redeclaring symbol font `operators' on input line 317.
LaTeX Font Info:    Overwriting symbol font `operators' in version `normal'
(Font)                  OT1/cmr/m/n --> OT1/LinuxLibertineT-TLF/m/n on input li
ne 317.
LaTeX Font Info:    Overwriting symbol font `operators' in version `bold'
(Font)                  OT1/cmr/bx/n --> OT1/LinuxLibertineT-TLF/m/n on input l
ine 317.
LaTeX Font Info:    Overwriting symbol font `operators' in version `bold'
(Font)                  OT1/LinuxLibertineT-TLF/m/n --> OT1/LinuxLibertineT-TLF
/sb/n on input line 318.
LaTeX Font Info:    Redeclaring math alphabet \mathsf on input line 326.
LaTeX Font Info:    Overwriting math alphabet `\mathsf' in version `normal'
(Font)                  OT1/cmss/m/n --> T1/LinuxBiolinumT-TLF/m/n on input lin
e 326.
LaTeX Font Info:    Overwriting math alphabet `\mathsf' in version `bold'
(Font)                  OT1/cmss/bx/n --> T1/LinuxBiolinumT-TLF/m/n on input li
ne 326.
LaTeX Font Info:    Redeclaring math alphabet \mathit on input line 327.
LaTeX Font Info:    Overwriting math alphabet `\mathit' in version `normal'
(Font)                  OT1/cmr/m/it --> OT1/LinuxLibertineT-TLF/m/it on input 
line 327.
LaTeX Font Info:    Overwriting math alphabet `\mathit' in version `bold'
(Font)                  OT1/cmr/bx/it --> OT1/LinuxLibertineT-TLF/m/it on input
 line 327.
LaTeX Font Info:    Redeclaring math alphabet \mathtt on input line 328.
LaTeX Font Info:    Overwriting math alphabet `\mathtt' in version `normal'
(Font)                  OT1/cmtt/m/n --> T1/zi4/m/n on input line 328.
LaTeX Font Info:    Overwriting math alphabet `\mathtt' in version `bold'
(Font)                  OT1/cmtt/m/n --> T1/zi4/m/n on input line 328.
LaTeX Font Info:    Redeclaring math alphabet \mathbf on input line 330.
LaTeX Font Info:    Overwriting math alphabet `\mathbf' in version `normal'
(Font)                  OT1/cmr/bx/n --> OT1/LinuxLibertineT-TLF/sb/n on input 
line 330.
LaTeX Font Info:    Overwriting math alphabet `\mathbf' in version `bold'
(Font)                  OT1/cmr/bx/n --> OT1/LinuxLibertineT-TLF/sb/n on input 
line 330.
LaTeX Font Info:    Overwriting math alphabet `\mathit' in version `bold'
(Font)                  OT1/LinuxLibertineT-TLF/m/it --> OT1/LinuxLibertineT-TL
F/sb/it on input line 331.
LaTeX Font Info:    Overwriting math alphabet `\mathsf' in version `bold'
(Font)                  T1/LinuxBiolinumT-TLF/m/n --> T1/LinuxBiolinumT-TLF/b/n
 on input line 332.
LaTeX Font Info:    Overwriting math alphabet `\mathtt' in version `bold'
(Font)                  T1/zi4/m/n --> T1/zi4/b/n on input line 333.
LaTeX Font Info:    Redeclaring symbol font `letters' on input line 350.
LaTeX Font Info:    Overwriting symbol font `letters' in version `normal'
(Font)                  OML/cmm/m/it --> OML/nxlmi/m/it on input line 350.
LaTeX Font Info:    Overwriting symbol font `letters' in version `bold'
(Font)                  OML/cmm/b/it --> OML/nxlmi/m/it on input line 350.
LaTeX Font Info:    Overwriting symbol font `letters' in version `bold'
(Font)                  OML/nxlmi/m/it --> OML/nxlmi/b/it on input line 351.
\symlettersA=\mathgroup6
LaTeX Font Info:    Overwriting symbol font `lettersA' in version `bold'
(Font)                  U/ntxmia/m/it --> U/ntxmia/b/it on input line 476.
LaTeX Font Info:    Redeclaring math alphabet \mathfrak on input line 478.
Now handling font encoding LMS ...
... no UTF-8 mapping file for font encoding LMS
LaTeX Font Info:    Redeclaring symbol font `symbols' on input line 497.
LaTeX Font Info:    Encoding `OMS' has changed to `LMS' for symbol font
(Font)              `symbols' in the math version `normal' on input line 497.
LaTeX Font Info:    Overwriting symbol font `symbols' in version `normal'
(Font)                  OMS/cmsy/m/n --> LMS/ntxsy/m/n on input line 497.
LaTeX Font Info:    Encoding `OMS' has changed to `LMS' for symbol font
(Font)              `symbols' in the math version `bold' on input line 497.
LaTeX Font Info:    Overwriting symbol font `symbols' in version `bold'
(Font)                  OMS/cmsy/b/n --> LMS/ntxsy/m/n on input line 497.
LaTeX Font Info:    Overwriting symbol font `symbols' in version `bold'
(Font)                  LMS/ntxsy/m/n --> LMS/ntxsy/b/n on input line 498.
\symAMSm=\mathgroup7
LaTeX Font Info:    Overwriting symbol font `AMSm' in version `bold'
(Font)                  U/ntxsym/m/n --> U/ntxsym/b/n on input line 521.
\symsymbolsC=\mathgroup8
LaTeX Font Info:    Overwriting symbol font `symbolsC' in version `bold'
(Font)                  U/ntxsyc/m/n --> U/ntxsyc/b/n on input line 542.
Now handling font encoding LMX ...
... no UTF-8 mapping file for font encoding LMX
LaTeX Font Info:    Redeclaring symbol font `largesymbols' on input line 555.
LaTeX Font Info:    Encoding `OMX' has changed to `LMX' for symbol font
(Font)              `largesymbols' in the math version `normal' on input line 5
55.
LaTeX Font Info:    Overwriting symbol font `largesymbols' in version `normal'
(Font)                  OMX/cmex/m/n --> LMX/ntxexx/m/n on input line 555.
LaTeX Font Info:    Encoding `OMX' has changed to `LMX' for symbol font
(Font)              `largesymbols' in the math version `bold' on input line 555
.
LaTeX Font Info:    Overwriting symbol font `largesymbols' in version `bold'
(Font)                  OMX/cmex/m/n --> LMX/ntxexx/m/n on input line 555.
LaTeX Font Info:    Overwriting symbol font `largesymbols' in version `bold'
(Font)                  LMX/ntxexx/m/n --> LMX/ntxexx/b/n on input line 556.
\symlargesymbolsTXA=\mathgroup9
LaTeX Font Info:    Overwriting symbol font `largesymbolsTXA' in version `bold'

(Font)                  U/ntxexa/m/n --> U/ntxexa/b/n on input line 570.
\tx@sbptoks=\toks32
LaTeX Font Info:    Redeclaring math delimiter \lfloor on input line 792.
LaTeX Font Info:    Redeclaring math delimiter \rfloor on input line 793.
LaTeX Font Info:    Redeclaring math delimiter \lceil on input line 794.
LaTeX Font Info:    Redeclaring math delimiter \rceil on input line 795.
LaTeX Font Info:    Redeclaring math delimiter \lbrace on input line 796.
LaTeX Font Info:    Redeclaring math delimiter \rbrace on input line 797.
LaTeX Font Info:    Redeclaring math delimiter \langle on input line 798.
LaTeX Font Info:    Redeclaring math delimiter \rangle on input line 800.
LaTeX Font Info:    Redeclaring math delimiter \arrowvert on input line 804.
LaTeX Font Info:    Redeclaring math delimiter \vert on input line 805.
LaTeX Font Info:    Redeclaring math accent \dot on input line 876.
LaTeX Font Info:    Redeclaring math accent \ddot on input line 877.
LaTeX Font Info:    Redeclaring math accent \vec on input line 1940.
\ntx@numstart=\count283
\ntx@UCstart=\count284
\ntx@lcstart=\count285
\ntx@tmpc=\count286
\ntx@imath=\count287
\ntx@jmath=\count288
LaTeX Info: Redefining \Bbbk on input line 2449.
LaTeX Info: Redefining \not on input line 2598.
LaTeX Info: Redefining \textsquare on input line 2628.
LaTeX Info: Redefining \openbox on input line 2630.
)
(F:\apps\portableApps\MikTeXPortable\App\MikTeX\texmfs\install\tex/latex/captio
n\caption.sty
Package: caption 2020/01/03 v3.4h Customizing captions (AR)

(F:\apps\portableApps\MikTeXPortable\App\MikTeX\texmfs\install\tex/latex/captio
n\caption3.sty
Package: caption3 2020/01/03 v1.8h caption3 kernel (AR)
Package caption3 Info: TeX engine: e-TeX on input line 61.
\captionmargin=\dimen175
\captionmargin@=\dimen176
\captionwidth=\dimen177
\caption@tempdima=\dimen178
\caption@indent=\dimen179
\caption@parindent=\dimen180
\caption@hangindent=\dimen181
Package caption Info: AMS or SMF document class detected.
)
Package caption Info: AMS or SMF document class.
\c@caption@flags=\count289
\c@continuedfloat=\count290
Package caption Info: hyperref package is loaded.
)
(F:\apps\portableApps\MikTeXPortable\App\MikTeX\texmfs\install\tex/latex/float\
float.sty
Package: float 2001/11/08 v1.3d Float enhancements (AL)
\c@float@type=\count291
\float@exts=\toks33
\float@box=\box48
\@float@everytoks=\toks34
\@floatcapt=\box49
)
\@float@every@sidebar=\toks35
\c@sidebar=\count292
\fulltextwidth=\dimen182
\@ACM@labelwidth=\dimen183
\listisep=\skip59
\num@authorgroups=\count293
\num@authors=\count294
\@ACM@badge@width=\skip60
\@ACM@title@width=\skip61
\@ACM@badge@skip=\skip62
Class acmart Info: Printing CCS on input line 1432.
Class acmart Info: Printing bibformat on input line 1432.
Class acmart Info: Printing folios on input line 1437.
Class acmart Info: Setting authorsperrow to 0 on input line 1442.

(F:\apps\portableApps\MikTeXPortable\App\MikTeX\texmfs\install\tex/latex/commen
t\comment.sty
\CommentStream=\write3
 Excluding comment 'comment') Excluding comment 'CCSXML'
\c@@concepts=\count295
\mktitle@bx=\box50
\@ACM@commabox=\box51
\author@bx=\box52
\author@bx@wd=\dimen184
\author@bx@sep=\skip63

(F:\apps\portableApps\MikTeXPortable\App\MikTeX\texmfs\install\tex/latex/fancyh
dr\fancyhdr.sty
Package: fancyhdr 2019/01/31 v3.10 Extensive control of page headers and footer
s
\f@nch@headwidth=\skip64
\f@nch@O@elh=\skip65
\f@nch@O@erh=\skip66
\f@nch@O@olh=\skip67
\f@nch@O@orh=\skip68
\f@nch@O@elf=\skip69
\f@nch@O@erf=\skip70
\f@nch@O@olf=\skip71
\f@nch@O@orf=\skip72
)
\@folio@wd=\dimen185
\@folio@ht=\dimen186
\@folio@voffset=\dimen187
 Special comment 'acks'
LaTeX Font Info:    Trying to load font information for T1+LinuxLibertineT-TLF 
on input line 2919.

(F:\apps\portableApps\MikTeXPortable\App\MikTeX\texmfs\install\tex/latex/libert
ine\t1linuxlibertinet-tlf.fd
File: T1LinuxLibertineT-TLF.fd 2017/03/20 (autoinst) Font definitions for T1/Li
nuxLibertineT-TLF.
)
LaTeX Font Info:    Font shape `T1/LinuxLibertineT-TLF/m/n' will be
(Font)              scaled to size 10.0pt on input line 2919.
)
(F:\apps\portableApps\MikTeXPortable\App\MikTeX\texmfs\install\tex/latex/biblat
ex\biblatex.sty
Package: biblatex 2019/12/01 v3.14 programmable bibliographies (PK/MW)

(F:\apps\portableApps\MikTeXPortable\App\MikTeX\texmfs\install\tex/latex/logreq
\logreq.sty
Package: logreq 2010/08/04 v1.0 xml request logger
\lrq@indent=\count296

(F:\apps\portableApps\MikTeXPortable\App\MikTeX\texmfs\install\tex/latex/logreq
\logreq.def
File: logreq.def 2010/08/04 v1.0 logreq spec v1.0
))
(F:\apps\portableApps\MikTeXPortable\App\MikTeX\texmfs\install\tex/latex/base\i
fthen.sty
Package: ifthen 2014/09/29 v1.1c Standard LaTeX ifthen package (DPC)
)
\c@tabx@nest=\count297
\c@listtotal=\count298
\c@listcount=\count299
\c@liststart=\count300
\c@liststop=\count301
\c@citecount=\count302
\c@citetotal=\count303
\c@multicitecount=\count304
\c@multicitetotal=\count305
\c@instcount=\count306
\c@maxnames=\count307
\c@minnames=\count308
\c@maxitems=\count309
\c@minitems=\count310
\c@citecounter=\count311
\c@maxcitecounter=\count312
\c@savedcitecounter=\count313
\c@uniquelist=\count314
\c@uniquename=\count315
\c@refsection=\count316
\c@refsegment=\count317
\c@maxextratitle=\count318
\c@maxextratitleyear=\count319
\c@maxextraname=\count320
\c@maxextradate=\count321
\c@maxextraalpha=\count322
\c@abbrvpenalty=\count323
\c@highnamepenalty=\count324
\c@lownamepenalty=\count325
\c@maxparens=\count326
\c@parenlevel=\count327
\blx@tempcnta=\count328
\blx@tempcntb=\count329
\blx@tempcntc=\count330
\blx@maxsection=\count331
\blx@maxsegment@0=\count332
\blx@notetype=\count333
\blx@parenlevel@text=\count334
\blx@parenlevel@foot=\count335
\blx@sectionciteorder@0=\count336
\blx@entrysetcounter=\count337
\labelnumberwidth=\skip73
\labelalphawidth=\skip74
\biblabelsep=\skip75
\bibitemsep=\skip76
\bibnamesep=\skip77
\bibinitsep=\skip78
\bibparsep=\skip79
\bibhang=\skip80
\blx@bcfin=\read3
\blx@bcfout=\write4
\blx@langwohyphens=\language78
\c@mincomprange=\count338
\c@maxcomprange=\count339
\c@mincompwidth=\count340
Package biblatex Info: Trying to load biblatex default data model...
Package biblatex Info: ... file 'blx-dm.def' found.

(F:\apps\portableApps\MikTeXPortable\App\MikTeX\texmfs\install\tex/latex/biblat
ex\blx-dm.def
File: blx-dm.def 2019/12/01 v3.14 biblatex localization (PK/MW)
)
Package biblatex Info: Trying to load biblatex style data model...
Package biblatex Info: ... file 'ACM-Reference-Format.dbx' found.

(F:\apps\portableApps\MikTeXPortable\App\MikTeX\texmfs\install\tex/latex/acmart
\ACM-Reference-Format.dbx)
Package biblatex Info: Trying to load biblatex custom data model...
Package biblatex Info: ... file 'biblatex-dm.cfg' not found.
\c@afterword=\count341
\c@savedafterword=\count342
\c@annotator=\count343
\c@savedannotator=\count344
\c@author=\count345
\c@savedauthor=\count346
\c@bookauthor=\count347
\c@savedbookauthor=\count348
\c@commentator=\count349
\c@savedcommentator=\count350
\c@editor=\count351
\c@savededitor=\count352
\c@editora=\count353
\c@savededitora=\count354
\c@editorb=\count355
\c@savededitorb=\count356
\c@editorc=\count357
\c@savededitorc=\count358
\c@foreword=\count359
\c@savedforeword=\count360
\c@holder=\count361
\c@savedholder=\count362
\c@introduction=\count363
\c@savedintroduction=\count364
\c@namea=\count365
\c@savednamea=\count366
\c@nameb=\count367
\c@savednameb=\count368
\c@namec=\count369
\c@savednamec=\count370
\c@translator=\count371
\c@savedtranslator=\count372
\c@shortauthor=\count373
\c@savedshortauthor=\count374
\c@shorteditor=\count375
\c@savedshorteditor=\count376
\c@labelname=\count377
\c@savedlabelname=\count378
\c@institution=\count379
\c@savedinstitution=\count380
\c@lista=\count381
\c@savedlista=\count382
\c@listb=\count383
\c@savedlistb=\count384
\c@listc=\count385
\c@savedlistc=\count386
\c@listd=\count387
\c@savedlistd=\count388
\c@liste=\count389
\c@savedliste=\count390
\c@listf=\count391
\c@savedlistf=\count392
\c@location=\count393
\c@savedlocation=\count394
\c@organization=\count395
\c@savedorganization=\count396
\c@origlocation=\count397
\c@savedoriglocation=\count398
\c@origpublisher=\count399
\c@savedorigpublisher=\count400
\c@publisher=\count401
\c@savedpublisher=\count402
\c@language=\count403
\c@savedlanguage=\count404
\c@origlanguage=\count405
\c@savedoriglanguage=\count406
\c@urls=\count407
\c@savedurls=\count408
\c@school=\count409
\c@savedschool=\count410
\c@pageref=\count411
\c@savedpageref=\count412
\shorthandwidth=\skip81
\shortjournalwidth=\skip82
\shortserieswidth=\skip83
\shorttitlewidth=\skip84
\shortauthorwidth=\skip85
\shorteditorwidth=\skip86
\locallabelnumberwidth=\skip87
\locallabelalphawidth=\skip88
\localshorthandwidth=\skip89
\localshortjournalwidth=\skip90
\localshortserieswidth=\skip91
\localshorttitlewidth=\skip92
\localshortauthorwidth=\skip93
\localshorteditorwidth=\skip94
Package biblatex Info: Trying to load compatibility code...
Package biblatex Info: ... file 'blx-compat.def' found.

(F:\apps\portableApps\MikTeXPortable\App\MikTeX\texmfs\install\tex/latex/biblat
ex\blx-compat.def
File: blx-compat.def 2019/12/01 v3.14 biblatex compatibility (PK/MW)
)
Package biblatex Info: Trying to load generic definitions...
Package biblatex Info: ... file 'biblatex.def' found.

(F:\apps\portableApps\MikTeXPortable\App\MikTeX\texmfs\install\tex/latex/biblat
ex\biblatex.def
File: biblatex.def 2019/12/01 v3.14 biblatex compatibility (PK/MW)
\c@textcitecount=\count413
\c@textcitetotal=\count414
\c@textcitemaxnames=\count415
\c@biburlbigbreakpenalty=\count416
\c@biburlbreakpenalty=\count417
\c@biburlnumpenalty=\count418
\c@biburlucpenalty=\count419
\c@biburllcpenalty=\count420
\biburlbigskip=\muskip18
\biburlnumskip=\muskip19
\biburlucskip=\muskip20
\biburllcskip=\muskip21
\c@smartand=\count421
)
Package biblatex Info: Trying to load bibliography style 'ACM-Reference-Format'
...
Package biblatex Info: ... file 'ACM-Reference-Format.bbx' found.

(F:\apps\portableApps\MikTeXPortable\App\MikTeX\texmfs\install\tex/latex/acmart
\ACM-Reference-Format.bbx
File: ACM-Reference-Format.bbx 2017-09-27 v0.1 biblatex bibliography style
Package biblatex Info: Trying to load bibliography style 'trad-plain'...
Package biblatex Info: ... file 'trad-plain.bbx' found.

(F:\apps\portableApps\MikTeXPortable\App\MikTeX\texmfs\install\tex/latex/biblat
ex-trad\trad-plain.bbx
File: trad-plain.bbx 2018/02/17 v0.4a biblatex-trad plain bibliography style
Package biblatex Info: Trying to load bibliography style 'trad-standard'...
Package biblatex Info: ... file 'trad-standard.bbx' found.

(F:\apps\portableApps\MikTeXPortable\App\MikTeX\texmfs\install\tex/latex/biblat
ex-trad\trad-standard.bbx
File: trad-standard.bbx 2018/02/17 v0.4a biblatex-trad base bibliography style
Package biblatex Info: Trying to load bibliography style 'standard'...
Package biblatex Info: ... file 'standard.bbx' found.

(F:\apps\portableApps\MikTeXPortable\App\MikTeX\texmfs\install\tex/latex/biblat
ex/bbx\standard.bbx
File: standard.bbx 2019/12/01 v3.14 biblatex bibliography style (PK/MW)
\c@bbx:relatedcount=\count422
\c@bbx:relatedtotal=\count423
))))
Package biblatex Info: Trying to load citation style 'ACM-Reference-Format'...
Package biblatex Info: ... file 'ACM-Reference-Format.cbx' found.

(F:\apps\portableApps\MikTeXPortable\App\MikTeX\texmfs\install\tex/latex/acmart
\ACM-Reference-Format.cbx
File: ACM-Reference-Format.cbx 2017-09-27 v0.1
Package biblatex Info: Trying to load citation style 'numeric'...
Package biblatex Info: ... file 'numeric.cbx' found.

(F:\apps\portableApps\MikTeXPortable\App\MikTeX\texmfs\install\tex/latex/biblat
ex/cbx\numeric.cbx
File: numeric.cbx 2019/12/01 v3.14 biblatex citation style (PK/MW)
Package biblatex Info: Redefining '\cite'.
Package biblatex Info: Redefining '\parencite'.
Package biblatex Info: Redefining '\footcite'.
Package biblatex Info: Redefining '\footcitetext'.
Package biblatex Info: Redefining '\smartcite'.
Package biblatex Info: Redefining '\supercite'.
Package biblatex Info: Redefining '\textcite'.
Package biblatex Info: Redefining '\textcites'.
Package biblatex Info: Redefining '\cites'.
Package biblatex Info: Redefining '\parencites'.
Package biblatex Info: Redefining '\smartcites'.
))
Package biblatex Info: Trying to load configuration file...
Package biblatex Info: ... file 'biblatex.cfg' found.

(F:\apps\portableApps\MikTeXPortable\App\MikTeX\texmfs\install\tex/latex/biblat
ex\biblatex.cfg
File: biblatex.cfg 
))
Class acmart Info: Using journal code tops on input line 11.

(F:\apps\portableApps\MikTeXPortable\App\MikTeX\texmfs\install\tex/latex/tools\
array.sty
Package: array 2019/08/31 v2.4l Tabular extension package (FMi)
\col@sep=\dimen188
\ar@mcellbox=\box53
\extrarowheight=\dimen189
\NC@list=\toks36
\extratabsurround=\skip95
\backup@length=\skip96
\ar@cellbox=\box54
)
(F:\apps\portableApps\MikTeXPortable\App\MikTeX\texmfs\install\tex/generic/genm
isc\nth.sty
Package: nth 2002/02/27
)
(F:\apps\portableApps\MikTeXPortable\App\MikTeX\texmfs\install\tex/latex/fixme\
fixme.sty
Package: fixme 2019/01/03 v4.5 Collaborative annotations for LaTeX2e

(F:\apps\portableApps\MikTeXPortable\App\MikTeX\texmfs\install\tex/latex/tools\
verbatim.sty
Package: verbatim 2019/11/10 v1.5r LaTeX2e package for verbatim enhancements
\every@verbatim=\toks37
\verbatim@line=\toks38
\verbatim@in@stream=\read4
)
\lox@file=\read5
\c@fixmecount=\count424
\c@fxnotecount=\count425
\c@fxwarningcount=\count426
\c@fxerrorcount=\count427
\c@fxfatalcount=\count428
)
(F:\apps\portableApps\MikTeXPortable\App\MikTeX\texmfs\install\tex/latex/fixme/
layouts\fxlayoutpdfnote.sty
Package: fxlayoutpdfnote 

(F:\apps\portableApps\MikTeXPortable\App\MikTeX\texmfs\install\tex/latex/pdfcom
ment\pdfcomment.sty
Package: pdfcomment 2018/11/01 pdfcomment.sty v2.4a - Josef Kleber (C) 2008-201
2, 2015-2016, 2018
\c@pc@count@i=\count429
\c@pc@count@ii=\count430
\c@pc@count@iii=\count431
\c@pc@count@iv=\count432
\pc@mathannot@box=\box55
\pc@nullbox=\box56
\pc@dima=\skip97
\pc@dimb=\skip98
\pc@Sposx=\skip99
\pc@Sposy=\skip100
\pc@Eposx=\skip101
\pc@Eposy=\skip102
\pc@column=\skip103
\pc@box@width=\skip104
\pc@box@height=\skip105
\pc@box@depth=\skip106

(F:\apps\portableApps\MikTeXPortable\App\MikTeX\texmfs\install\tex/latex/dateti
me2\datetime2.sty
Package: datetime2 2020/03/02 v1.5.6 (NLCT) date and time formats

(F:\apps\portableApps\MikTeXPortable\App\MikTeX\texmfs\install\tex/latex/trackl
ang\tracklang.sty
Package: tracklang 2019/11/30 v1.4 (NLCT) Track Languages

(F:\apps\portableApps\MikTeXPortable\App\MikTeX\texmfs\install\tex/generic/trac
klang\tracklang.tex)))
(F:\apps\portableApps\MikTeXPortable\App\MikTeX\texmfs\install\tex/latex/zref\z
ref-savepos.sty
Package: zref-savepos 2020-03-03 v2.29 Module savepos for zref (HO)

(F:\apps\portableApps\MikTeXPortable\App\MikTeX\texmfs\install\tex/latex/zref\z
ref-base.sty
Package: zref-base 2020-03-03 v2.29 Module base for zref (HO)
Package zref Info: New property list: main on input line 763.
Package zref Info: New property: default on input line 764.
Package zref Info: New property: page on input line 765.
)
Package zref Info: New property list: savepos on input line 80.
Package zref Info: New property: posx on input line 82.
Package zref Info: New property: posy on input line 83.
)
\c@zref@unique=\count433

(F:\apps\portableApps\MikTeXPortable\App\MikTeX\texmfs\install\tex/latex/tools\
calc.sty
Package: calc 2017/05/25 v4.3 Infix arithmetic (KKT,FJ)
\calc@Acount=\count434
\calc@Bcount=\count435
\calc@Adimen=\dimen190
\calc@Bdimen=\dimen191
\calc@Askip=\skip107
\calc@Bskip=\skip108
LaTeX Info: Redefining \setlength on input line 80.
LaTeX Info: Redefining \addtolength on input line 81.
\calc@Ccount=\count436
\calc@Cskip=\skip109
)
(F:\apps\portableApps\MikTeXPortable\App\MikTeX\texmfs\install\tex/latex/margin
note\marginnote.sty
Package: marginnote 2018/08/09 v1.4b non floating margin notes for LaTeX
\c@mn@abspage=\count437
)
(F:\apps\portableApps\MikTeXPortable\App\MikTeX\texmfs\install\tex/latex/soulpo
s\soulpos.sty
Package: soulpos 2012/02/25 v1.1 Fancy underlining
\ulp@subcnt=\count438
\ulp@cnt=\count439
\ulp@out=\write5
\ulp@in=\read6
\ulwidth=\dimen192
)

Package hyperref Warning: Option `pdftex' has already been used,
(hyperref)                setting the option has no effect on input line 1369.

Package zref Info: New property list: pdfcomment on input line 2735.
Package zref Info: New property: PCPDFOBJID on input line 2736.
))
(F:\apps\portableApps\MikTeXPortable\App\MikTeX\texmfs\install\tex/latex/fixfoo
t\fixfoot.sty
Package: fixfoot 2007/12/12 v0.3a fixed-text footnotes
)
Package hyperref Info: Option `colorlinks' set `true' on input line 45.
Package hyperref Info: Option `pdfdisplaydoctitle' set `true' on input line 45.

\c@theorem=\count440
 Include comment 'screenonly' Excluding comment 'printonly'
Include comment 'anonsuppress'
\@quotelevel=\count441
\@quotereset=\count442

(F:\apps\portableApps\MikTeXPortable\App\MikTeX\texmfs\install\tex/latex/l3back
end\l3backend-pdfmode.def
File: l3backend-pdfmode.def 2020-03-12 L3 backend support: PDF mode
\l__kernel_color_stack_int=\count443
\l__pdf_internal_box=\box57
) (MessageVortexExcerpt.aux)
\openout1 = `MessageVortexExcerpt.aux'.

LaTeX Font Info:    Checking defaults for OML/nxlmi/m/it on input line 45.
LaTeX Font Info:    Trying to load font information for OML+nxlmi on input line
 45.

(F:\apps\portableApps\MikTeXPortable\App\MikTeX\texmfs\install\tex/latex/newtx\
omlnxlmi.fd
File: omlnxlmi.fd 2013/11/19 Fontinst v1.933 font definitions for OML/nxlmi.
)
LaTeX Font Info:    ... okay on input line 45.
LaTeX Font Info:    Checking defaults for OMS/cmsy/m/n on input line 45.
LaTeX Font Info:    ... okay on input line 45.
LaTeX Font Info:    Checking defaults for OT1/cmr/m/n on input line 45.
LaTeX Font Info:    ... okay on input line 45.
LaTeX Font Info:    Checking defaults for T1/cmr/m/n on input line 45.
LaTeX Font Info:    ... okay on input line 45.
LaTeX Font Info:    Checking defaults for TS1/cmr/m/n on input line 45.
LaTeX Font Info:    ... okay on input line 45.
LaTeX Font Info:    Checking defaults for OMX/cmex/m/n on input line 45.
LaTeX Font Info:    ... okay on input line 45.
LaTeX Font Info:    Checking defaults for U/ntxexa/m/n on input line 45.
LaTeX Font Info:    Trying to load font information for U+ntxexa on input line 
45.

(F:\apps\portableApps\MikTeXPortable\App\MikTeX\texmfs\install\tex/latex/newtx\
untxexa.fd
File: untxexa.fd 2012/04/16 Fontinst v1.933 font definitions for U/ntxexa.
)
LaTeX Font Info:    ... okay on input line 45.
LaTeX Font Info:    Checking defaults for PD1/pdf/m/n on input line 45.
LaTeX Font Info:    ... okay on input line 45.
LaTeX Font Info:    Checking defaults for PU/pdf/m/n on input line 45.
LaTeX Font Info:    ... okay on input line 45.
LaTeX Font Info:    Checking defaults for LMS/ntxsy/m/n on input line 45.
LaTeX Font Info:    Trying to load font information for LMS+ntxsy on input line
 45.

(F:\apps\portableApps\MikTeXPortable\App\MikTeX\texmfs\install\tex/latex/newtx\
lmsntxsy.fd
File: lmsntxsy.fd 2016/07/02 Fontinst v1.933 font definitions for LMS/ntxsy.
)
LaTeX Font Info:    ... okay on input line 45.
LaTeX Font Info:    Checking defaults for LMX/ntxexx/m/n on input line 45.
LaTeX Font Info:    Trying to load font information for LMX+ntxexx on input lin
e 45.

(F:\apps\portableApps\MikTeXPortable\App\MikTeX\texmfs\install\tex/latex/newtx\
lmxntxexx.fd
File: lmxntxexx.fd 2016/07/03 Fontinst v1.933 font definitions for LMX/ntxexx.
)
LaTeX Font Info:    ... okay on input line 45.
LaTeX Font Info:    Font shape `T1/LinuxLibertineT-TLF/m/n' will be
(Font)              scaled to size 8.0pt on input line 45.
LaTeX Font Info:    Trying to load font information for OT1+LinuxLibertineT-TLF
 on input line 45.

(F:\apps\portableApps\MikTeXPortable\App\MikTeX\texmfs\install\tex/latex/libert
ine\ot1linuxlibertinet-tlf.fd
File: OT1LinuxLibertineT-TLF.fd 2017/03/20 (autoinst) Font definitions for OT1/
LinuxLibertineT-TLF.
)
LaTeX Font Info:    Font shape `OT1/LinuxLibertineT-TLF/m/n' will be
(Font)              scaled to size 8.0pt on input line 45.
<<ot1.cmap>>
LaTeX Font Info:    Font shape `OT1/LinuxLibertineT-TLF/m/n' will be
(Font)              scaled to size 6.2pt on input line 45.
LaTeX Font Info:    Font shape `OT1/LinuxLibertineT-TLF/m/n' will be
(Font)              scaled to size 5.5pt on input line 45.
<<oml.cmap>>
LaTeX Font Info:    Trying to load font information for U+msa on input line 45.


(F:\apps\portableApps\MikTeXPortable\App\MikTeX\texmfs\install\tex/latex/amsfon
ts\umsa.fd
File: umsa.fd 2013/01/14 v3.01 AMS symbols A
)
LaTeX Font Info:    Trying to load font information for U+msb on input line 45.


(F:\apps\portableApps\MikTeXPortable\App\MikTeX\texmfs\install\tex/latex/amsfon
ts\umsb.fd
File: umsb.fd 2013/01/14 v3.01 AMS symbols B
)
LaTeX Font Info:    Trying to load font information for U+ntxmia on input line 
45.

(F:\apps\portableApps\MikTeXPortable\App\MikTeX\texmfs\install\tex/latex/newtx\
untxmia.fd
File: untxmia.fd 2018/04/14 Fontinst v1.933 font definitions for U/ntxmia.
)
LaTeX Font Info:    Trying to load font information for U+ntxsym on input line 
45.

(F:\apps\portableApps\MikTeXPortable\App\MikTeX\texmfs\install\tex/latex/newtx\
untxsym.fd
File: untxsym.fd 2015/03/20 Fontinst v1.933 font definitions for U/ntxsym.
)
LaTeX Font Info:    Trying to load font information for U+ntxsyc on input line 
45.

(F:\apps\portableApps\MikTeXPortable\App\MikTeX\texmfs\install\tex/latex/newtx\
untxsyc.fd
File: untxsyc.fd 2012/04/12 Fontinst v1.933 font definitions for U/ntxsyc.
)
LaTeX Info: Redefining \microtypecontext on input line 45.
Package microtype Info: Generating PDF output.
Package microtype Info: Character protrusion enabled (level 2).
Package microtype Info: Using default protrusion set `alltext'.
Package microtype Info: No font expansion.
Package microtype Info: No adjustment of tracking.
Package microtype Info: No adjustment of interword spacing.
Package microtype Info: No adjustment of character kerning.
Package microtype Info: Loading generic protrusion settings for font family
(microtype)             `LinuxLibertineT-TLF' (encoding: T1).
(microtype)             For optimal results, create family-specific settings.
(microtype)             See the microtype manual for details.
 ABD: EveryShipout initializing macros
\AtBeginShipoutBox=\box58
Package hyperref Info: Link coloring ON on input line 45.

(F:\apps\portableApps\MikTeXPortable\App\MikTeX\texmfs\install\tex/latex/hyperr
ef\nameref.sty
Package: nameref 2019/09/16 v2.46 Cross-referencing by name of section

(F:\apps\portableApps\MikTeXPortable\App\MikTeX\texmfs\install\tex/generic/ober
diek\gettitlestring.sty
Package: gettitlestring 2016/05/16 v1.5 Cleanup title references (HO)
)
\c@section@level=\count444
)
LaTeX Info: Redefining \ref on input line 45.
LaTeX Info: Redefining \pageref on input line 45.
LaTeX Info: Redefining \nameref on input line 45.
 (MessageVortexExcerpt.out) (MessageVortexExcerpt.out)
\@outlinefile=\write6
\openout6 = `MessageVortexExcerpt.out'.


(F:\apps\portableApps\MikTeXPortable\App\MikTeX\texmfs\install\tex/context/base
/mkii\supp-pdf.mkii
[Loading MPS to PDF converter (version 2006.09.02).]
\scratchcounter=\count445
\scratchdimen=\dimen193
\scratchbox=\box59
\nofMPsegments=\count446
\nofMParguments=\count447
\everyMPshowfont=\toks39
\MPscratchCnt=\count448
\MPscratchDim=\dimen194
\MPnumerator=\count449
\makeMPintoPDFobject=\count450
\everyMPtoPDFconversion=\toks40
)
(F:\apps\portableApps\MikTeXPortable\App\MikTeX\texmfs\install\tex/latex/epstop
df-pkg\epstopdf-base.sty
Package: epstopdf-base 2020-01-24 v2.11 Base part for package epstopdf
Package epstopdf-base Info: Redefining graphics rule for `.eps' on input line 4
85.
)
*geometry* driver: auto-detecting
*geometry* detected driver: pdftex
*geometry* verbose mode - [ preamble ] result:
* driver: pdftex
* paper: custom
* layout: <same size as paper>
* layoutoffset:(h,v)=(0.0pt,0.0pt)
* modes: includehead includefoot twoside heightrounded 
* h-part:(L,W,R)=(46.0pt, 395.8225pt, 46.0pt)
* v-part:(T,H,B)=(58.0pt, 620.7pt, 44.0pt)
* \paperwidth=487.8225pt
* \paperheight=722.7pt
* \textwidth=395.8225pt
* \textheight=574.0pt
* \oddsidemargin=-26.26999pt
* \evensidemargin=-26.26999pt
* \topmargin=-14.26999pt
* \headheight=13.0pt
* \headsep=14.0pt
* \topskip=10.0pt
* \footskip=24.0pt
* \marginparwidth=24.0pt
* \marginparsep=11.0pt
* \columnsep=10.0pt
* \skip\footins=7.0pt plus 11.0pt
* \hoffset=0.0pt
* \voffset=0.0pt
* \mag=1000
* \@twocolumnfalse
* \@twosidetrue
* \@mparswitchtrue
* \@reversemarginfalse
* (1in=72.27pt=25.4mm, 1cm=28.453pt)

\c@mv@tabular=\count451
\c@mv@boldtabular=\count452

(F:\apps\portableApps\MikTeXPortable\App\MikTeX\texmfs\install\tex/latex/upquot
e\upquote.sty
Package: upquote 2012/04/19 v1.3 upright-quote and grave-accent glyphs in verba
tim
)
Package caption Info: Begin \AtBeginDocument code.
Package caption Info: float package is loaded.
Package caption Info: End \AtBeginDocument code.
Package biblatex Info: Trying to load language 'english'...
Package biblatex Info: ... file 'english.lbx' found.

(F:\apps\portableApps\MikTeXPortable\App\MikTeX\texmfs\install\tex/latex/biblat
ex/lbx\english.lbx
File: english.lbx 2019/12/01 v3.14 biblatex localization (PK/MW)
)
Package biblatex Info: Input encoding 'utf8' detected.
Package biblatex Info: Automatic encoding selection.
(biblatex)             Assuming data encoding 'utf8'.
\openout4 = `MessageVortexExcerpt.bcf'.

Package biblatex Info: Trying to load bibliographic data...


! Package biblatex Error: File 'MessageVortexExcerpt.bbl' not created by biblat
ex.

See the biblatex package documentation for explanation.
Type  H <return>  for immediate help.
 ...                                              
                                                  
l.45 \begin{document}
                     
This file was apparently not created by biblatex. Rename it or
move it to a location were TeX will not find it. If this error
persists, consider redefining \blxauxsuffix.See the biblatex
manual for details.

Package biblatex Info: Reference section=0 on input line 45.
Package biblatex Info: Reference segment=0 on input line 45.
Package soulpos Info: Loading soulutf8 on input line 45.

(F:\apps\portableApps\MikTeXPortable\App\MikTeX\texmfs\install\tex/generic/ober
diek\soulutf8.sty
Package: soulutf8 2016/05/16 v1.1 Permit use of UTF-8 characters in soul (HO)

(F:\apps\portableApps\MikTeXPortable\App\MikTeX\texmfs\install\tex/latex/soul\s
oul.sty
Package: soul 2003/11/17 v2.4 letterspacing/underlining (mf)
\SOUL@word=\toks41
\SOUL@lasttoken=\toks42
\SOUL@cmds=\toks43
\SOUL@buffer=\toks44
\SOUL@token=\toks45
\SOUL@spaceskip=\skip110
\SOUL@ttwidth=\dimen195
\SOUL@uldp=\dimen196
\SOUL@ulht=\dimen197
))
LaTeX Font Info:    Font shape `T1/LinuxLibertineT-TLF/m/n' will be
(Font)              scaled to size 14.4pt on input line 72.
LaTeX Font Info:    Trying to load font information for T1+LinuxBiolinumT-TLF o
n input line 72.

(F:\apps\portableApps\MikTeXPortable\App\MikTeX\texmfs\install\tex/latex/libert
ine\t1linuxbiolinumt-tlf.fd
File: T1LinuxBiolinumT-TLF.fd 2017/03/20 (autoinst) Font definitions for T1/Lin
uxBiolinumT-TLF.
)
LaTeX Font Info:    Font shape `T1/LinuxBiolinumT-TLF/m/n' will be
(Font)              scaled to size 14.4pt on input line 72.
Package microtype Info: Loading generic protrusion settings for font family
(microtype)             `LinuxBiolinumT-TLF' (encoding: T1).
(microtype)             For optimal results, create family-specific settings.
(microtype)             See the microtype manual for details.
LaTeX Font Info:    Font shape `T1/LinuxBiolinumT-TLF/b/n' will be
(Font)              scaled to size 14.4pt on input line 72.
LaTeX Font Info:    Font shape `T1/LinuxBiolinumT-TLF/b/it' in size <14.4> not 
available
(Font)              Font shape `T1/LinuxBiolinumT-TLF/b/sl' tried instead on in
put line 72.
LaTeX Font Info:    Font shape `T1/LinuxBiolinumT-TLF/b/sl' will be
(Font)              scaled to size 14.4pt on input line 72.
LaTeX Font Info:    Font shape `T1/LinuxLibertineT-TLF/m/n' will be
(Font)              scaled to size 10.95pt on input line 72.
LaTeX Font Info:    Font shape `T1/LinuxBiolinumT-TLF/m/n' will be
(Font)              scaled to size 10.95pt on input line 72.
LaTeX Font Info:    Font shape `T1/LinuxBiolinumT-TLF/m/n' will be
(Font)              scaled to size 9.0pt on input line 72.
LaTeX Font Info:    Font shape `T1/LinuxLibertineT-TLF/m/n' will be
(Font)              scaled to size 9.0pt on input line 72.
LaTeX Font Info:    Trying to load font information for TS1+LinuxLibertineT-TLF
 on input line 72.

(F:\apps\portableApps\MikTeXPortable\App\MikTeX\texmfs\install\tex/latex/libert
ine\ts1linuxlibertinet-tlf.fd
File: TS1LinuxLibertineT-TLF.fd 2017/03/20 (autoinst) Font definitions for TS1/
LinuxLibertineT-TLF.
)
LaTeX Font Info:    Font shape `TS1/LinuxLibertineT-TLF/m/n' will be
(Font)              scaled to size 8.0pt on input line 72.
Package microtype Info: Loading generic protrusion settings for font family
(microtype)             `LinuxLibertineT-TLF' (encoding: TS1).
(microtype)             For optimal results, create family-specific settings.
(microtype)             See the microtype manual for details.
LaTeX Font Info:    Font shape `T1/LinuxLibertineT-TLF/m/it' will be
(Font)              scaled to size 9.0pt on input line 72.
LaTeX Font Info:    Font shape `T1/LinuxLibertineT-TLF/b/n' will be
(Font)              scaled to size 9.0pt on input line 72.
LaTeX Font Info:    Font shape `OT1/LinuxLibertineT-TLF/m/n' will be
(Font)              scaled to size 9.0pt on input line 72.
Package microtype Info: Loading generic protrusion settings for font family
(microtype)             `LinuxLibertineT-TLF' (encoding: OT1).
(microtype)             For optimal results, create family-specific settings.
(microtype)             See the microtype manual for details.
LaTeX Font Info:    Font shape `OT1/LinuxLibertineT-TLF/m/n' will be
(Font)              scaled to size 7.3pt on input line 72.

(F:\apps\portableApps\MikTeXPortable\App\MikTeX\texmfs\install\tex/latex/microt
ype\mt-msa.cfg
File: mt-msa.cfg 2006/02/04 v1.1 microtype config. file: AMS symbols (a) (RS)
)
(F:\apps\portableApps\MikTeXPortable\App\MikTeX\texmfs\install\tex/latex/microt
ype\mt-msb.cfg
File: mt-msb.cfg 2005/06/01 v1.0 microtype config. file: AMS symbols (b) (RS)
)
LaTeX Font Info:    Font shape `T1/LinuxBiolinumT-TLF/m/n' will be
(Font)              scaled to size 10.0pt on input line 74.
LaTeX Font Info:    Font shape `T1/LinuxBiolinumT-TLF/b/n' will be
(Font)              scaled to size 10.0pt on input line 74.


LaTeX Warning: Citation 'Leuenberger1989' on page 1 undefined on input line 75.


LaTeX Font Info:    Font shape `T1/LinuxLibertineT-TLF/b/n' will be
(Font)              scaled to size 10.0pt on input line 75.

LaTeX Warning: Citation 'NCR2013' on page 1 undefined on input line 77.


LaTeX Warning: Citation 'XKeyscore' on page 1 undefined on input line 77.


LaTeX Warning: Citation 'Ball2013' on page 1 undefined on input line 77.


LaTeX Warning: Citation 'Ackerman2013' on page 1 undefined on input line 77.


LaTeX Warning: Citation 'Greenberg2013' on page 1 undefined on input line 77.


LaTeX Warning: Citation 'XKeyscore' on page 1 undefined on input line 77.

LaTeX Font Info:    Font shape `OT1/LinuxLibertineT-TLF/m/n' will be
(Font)              scaled to size 10.0pt on input line 77.

Overfull \hbox (12.7017pt too wide) in paragraph at lines 77--78
\T1/LinuxLibertineT-TLF/m/n/10 mal-ware to col-lect clas-si-fied or per-sonal i
n-for-ma-tion. They fur-ther-more in-fil-trated Telecom-Operators
 []

[1.1
\openout5 = `MessageVortexExcerpt.upa'.

{F:/apps/portableApps/MikTeXPortable/App/MikTeX/texmfs/data/pdftex/config/pdfte
x.map}]

LaTeX Warning: Citation 'NCR2013' on page 2 undefined on input line 79.


LaTeX Warning: Citation 'XKeyscore' on page 2 undefined on input line 79.


LaTeX Warning: Citation 'Ball2013' on page 2 undefined on input line 79.


LaTeX Warning: Citation 'Greenberg2013' on page 2 undefined on input line 79.


LaTeX Warning: Citation 'Leuenberger1989' on page 2 undefined on input line 79.



LaTeX Warning: Citation 'Amat1999' on page 2 undefined on input line 81.


LaTeX Warning: Citation 'Ackerman2013' on page 2 undefined on input line 85.


LaTeX Warning: Citation 'socialCreditSystem' on page 2 undefined on input line 
85.


Overfull \hbox (28.74063pt too wide) in paragraph at lines 85--86
\T1/LinuxLibertineT-TLF/m/n/10 to iden-tify po-ten-tial ter-ror-ists and the Ch
i-nese gov-ern-ment to cre-ate a cit-i-zen score[[]].
 []

LaTeX Font Info:    Font shape `T1/LinuxLibertineT-TLF/m/it' will be
(Font)              scaled to size 10.0pt on input line 87.

LaTeX Warning: Citation 'MessageVortexRFC' on page 2 undefined on input line 87
.

<../../inc/internet_overview.pdf, id=98, 671.50874pt x 362.35374pt>
File: ../../inc/internet_overview.pdf Graphic file (type pdf)
<use ../../inc/internet_overview.pdf>
Package pdftex.def Info: ../../inc/internet_overview.pdf  used on input line 92
.
(pdftex.def)             Requested size: 237.49591pt x 128.15268pt.

LaTeX Warning: Citation 'tor-spec' on page 2 undefined on input line 98.


LaTeX Warning: Citation 'perrig2017scion' on page 2 undefined on input line 98.



Underfull \vbox (badness 10000) has occurred while \output is active []

LaTeX Font Info:    Font shape `T1/LinuxBiolinumT-TLF/m/n' will be
(Font)              scaled to size 8.0pt on input line 102.
 [2.2]

LaTeX Warning: Citation 'tor-spec' on page 3 undefined on input line 111.

LaTeX Font Info:    Font shape `T1/LinuxBiolinumT-TLF/m/it' will be
(Font)              scaled to size 8.0pt on input line 116.
[3.3 <../../inc/internet_overview.pdf>]

LaTeX Warning: Citation 'anonTerminology' on page 4 undefined on input line 117
.


Overfull \hbox (31.0594pt too wide) in paragraph at lines 117--118
[]\T1/LinuxLibertineT-TLF/m/n/10 For def-i-ni-tion of terms ``un-link-a-bil-ity
'', ``anonymity'', and ``un-de-tectabil-ity'', we use [[]]. 
 []

[4.4] [5.5]
LaTeX Font Info:    Font shape `OT1/LinuxLibertineT-TLF/sb/n' will be
(Font)              scaled to size 10.0pt on input line 176.
LaTeX Font Info:    Font shape `OT1/LinuxLibertineT-TLF/sb/n' will be
(Font)              scaled to size 7.3pt on input line 176.
LaTeX Font Info:    Font shape `OT1/LinuxLibertineT-TLF/sb/n' will be
(Font)              scaled to size 5.5pt on input line 176.
LaTeX Font Info:    Font shape `T1/LinuxLibertineT-TLF/m/n' will be
(Font)              scaled to size 7.3pt on input line 193.
LaTeX Font Info:    Font shape `T1/LinuxLibertineT-TLF/m/n' will be
(Font)              scaled to size 5.5pt on input line 193.
 [6.6]

LaTeX Warning: Citation 'anonTerminology' on page 7 undefined on input line 199
.


LaTeX Warning: Citation 'k-anonymous:ccs2003' on page 7 undefined on input line
 201.


Overfull \hbox (1.11972pt too wide) in paragraph at lines 208--209
[]\T1/LinuxLibertineT-TLF/m/n/10 In terms of cen-sor-ship cir-cum-ven-tion, we 
found that only a lit-tle work has been done in academia.
 []


LaTeX Warning: Citation 'mohajeri2013skypemorph' on page 7 undefined on input l
ine 211.


LaTeX Warning: Citation 'AthanRAM07' on page 7 undefined on input line 211.


LaTeX Warning: Citation 'f5' on page 7 undefined on input line 211.


Overfull \hbox (98.53778pt too wide) in paragraph at lines 210--212
\T1/LinuxLibertineT-TLF/m/n/10 The most com-mon ap-proaches we have found were 
ei-ther mim-ick-ing pro-to-cols (as in [[]]),
 []


LaTeX Warning: Citation 'freenet' on page 7 undefined on input line 213.


LaTeX Warning: Citation 'Ensafi:2015' on page 7 undefined on input line 215.


LaTeX Warning: Citation 'Clayton:2006' on page 7 undefined on input line 215.


LaTeX Warning: Citation 'lowe2007great' on page 7 undefined on input line 215.


Overfull \hbox (10.91861pt too wide) in paragraph at lines 214--216
\T1/LinuxLibertineT-TLF/m/n/10 an-a-lyzed in depth un-der tech-no-log-i-cal, so
-ci-o-log-i-cal and eco-nom-i-cal as-pects (e.g., [[]],
 []


LaTeX Warning: Citation 'tor-spec' on page 7 undefined on input line 218.


LaTeX Warning: Citation 'Egners_2012' on page 7 undefined on input line 218.


LaTeX Warning: Citation 'iwanik2005duo' on page 7 undefined on input line 218.


LaTeX Warning: Citation 'chaum-dc' on page 7 undefined on input line 218.


LaTeX Warning: Citation 'tarzan:ccs02' on page 7 undefined on input line 218.


LaTeX Warning: Citation 'AthanRAM07' on page 7 undefined on input line 218.


LaTeX Warning: Citation 'babel' on page 7 undefined on input line 218.


LaTeX Warning: Citation 'morphmix:wpes2002' on page 7 undefined on input line 2
18.


LaTeX Warning: Citation 'minion-design' on page 7 undefined on input line 218.


LaTeX Warning: Citation 'Salsa' on page 7 undefined on input line 218.


LaTeX Warning: Citation 'Kondo2009' on page 7 undefined on input line 218.


LaTeX Warning: Citation 'Bauer:2008' on page 7 undefined on input line 218.


LaTeX Warning: Citation 'hsiao2012lap' on page 7 undefined on input line 218.


LaTeX Warning: Citation 'perrig2017scion' on page 7 undefined on input line 218
.


LaTeX Warning: Citation 'chen2015hornet' on page 7 undefined on input line 218.



LaTeX Warning: Citation 'chen2015hornet' on page 7 undefined on input line 218.



Overfull \hbox (2.23547pt too wide) in paragraph at lines 218--219
[]\T1/LinuxLibertineT-TLF/m/n/10 For anonymiza-tion the ideas con-cen-trate aro
und onion-iz-ing (Tor[[]], SOR[[]],
 []


Overfull \hbox (57.95134pt too wide) in paragraph at lines 218--219
\T1/LinuxLibertineT-TLF/m/n/10 DUO-Onions and Hydra-Onions[[]]), DC net-works (
DC-Nets[[]], Tarzan[[]],
 []


Overfull \hbox (98.83766pt too wide) in paragraph at lines 218--219
\T1/LinuxLibertineT-TLF/m/n/10 GAS[[]]), mix-ing mes-sages (Ba-bel[[]], Morph-M
ix[[]], Mixminion[[]],
 []


Overfull \hbox (9.73038pt too wide) in paragraph at lines 218--219
\T1/LinuxLibertineT-TLF/m/n/10 ON[[]]), HOR-NET[[]], and Dovetail[[]]. While th
ese
 []


Underfull \vbox (badness 3058) has occurred while \output is active []

 [7.7]
LaTeX Font Info:    Font shape `T1/LinuxBiolinumT-TLF/b/it' in size <10> not av
ailable
(Font)              Font shape `T1/LinuxBiolinumT-TLF/b/sl' tried instead on in
put line 222.
LaTeX Font Info:    Font shape `T1/LinuxBiolinumT-TLF/b/sl' will be
(Font)              scaled to size 10.0pt on input line 222.


LaTeX Warning: Citation 'MessageVortexRFC' on page 8 undefined on input line 22
3.

<../../inc/roughProtocolDesign.pdf, id=142, 750.805pt x 307.1475pt>
File: ../../inc/roughProtocolDesign.pdf Graphic file (type pdf)
<use ../../inc/roughProtocolDesign.pdf>
Package pdftex.def Info: ../../inc/roughProtocolDesign.pdf  used on input line 
229.
(pdftex.def)             Requested size: 316.6592pt x 129.54472pt.
[8.8 <../../inc/roughProtocolDesign.pdf>]
<../../inc/blockLayoutSimplified.pdf, id=154, 544.1459pt x 139.36366pt>
File: ../../inc/blockLayoutSimplified.pdf Graphic file (type pdf)
<use ../../inc/blockLayoutSimplified.pdf>
Package pdftex.def Info: ../../inc/blockLayoutSimplified.pdf  used on input lin
e 257.
(pdftex.def)             Requested size: 395.8225pt x 101.37947pt.
LaTeX Font Info:    Font shape `OT1/LinuxLibertineT-TLF/sb/n' will be
(Font)              scaled to size 9.0pt on input line 258.
 [9.9 <../../inc/blockLayoutSimplified.pdf>]
Underfull \vbox (badness 3250) has occurred while \output is active []

 [10.10]

LaTeX Warning: Citation 'reed1960polynomial' on page 11 undefined on input line
 337.


LaTeX Warning: Citation 'mceliece1981sharing' on page 11 undefined on input lin
e 337.

[11.11]
<../../inc/roughProtocolDesign_workspace.pdf, id=226, 314.17375pt x 150.5625pt>

File: ../../inc/roughProtocolDesign_workspace.pdf Graphic file (type pdf)
<use ../../inc/roughProtocolDesign_workspace.pdf>
Package pdftex.def Info: ../../inc/roughProtocolDesign_workspace.pdf  used on i
nput line 353.
(pdftex.def)             Requested size: 237.49591pt x 113.81526pt.


LaTeX Warning: Citation 'f5' on page 12 undefined on input line 363.

[12.12 <../../inc/roughProtocolDesign_workspace.pdf>]

LaTeX Warning: Citation 'oakland2013-parrot' on page 13 undefined on input line
 407.


LaTeX Warning: Citation 'oakland2013-parrot' on page 13 undefined on input line
 407.


LaTeX Warning: Citation 'F5broken' on page 13 undefined on input line 407.

[13.13]

LaTeX Warning: Citation 'f5' on page 14 undefined on input line 413.


LaTeX Warning: Citation 'F5broken' on page 14 undefined on input line 413.

[14.14]
<../../inc/addRedundancyOp.pdf, id=259, 272.1628pt x 211.45499pt>
File: ../../inc/addRedundancyOp.pdf Graphic file (type pdf)
<use ../../inc/addRedundancyOp.pdf>
Package pdftex.def Info: ../../inc/addRedundancyOp.pdf  used on input line 494.

(pdftex.def)             Requested size: 197.91124pt x 153.76715pt.
 [15.15 <../../inc/addRedundancyOp.pdf>]
<../../inc/randomblock_10kb.png, id=308, 1141.866pt x 899.7615pt>
File: ../../inc/randomblock_10kb.png Graphic file (type png)
<use ../../inc/randomblock_10kb.png>
Package pdftex.def Info: ../../inc/randomblock_10kb.png  used on input line 536
.
(pdftex.def)             Requested size: 395.8225pt x 311.9008pt.
 [16.16]
Underfull \vbox (badness 10000) has occurred while \output is active []

 [17.17 <../../inc/randomblock_10kb.png>]
Underfull \vbox (badness 10000) has occurred while \output is active []

 [18.18]

LaTeX Warning: Citation 'oakland2013-parrot' on page 19 undefined on input line
 575.


Underfull \vbox (badness 10000) has occurred while \output is active []

 [19.19]
<../../inc/messagePaths.pdf, id=336, 527.34314pt x 390.02614pt>
File: ../../inc/messagePaths.pdf Graphic file (type pdf)
<use ../../inc/messagePaths.pdf>
Package pdftex.def Info: ../../inc/messagePaths.pdf  used on input line 602.
(pdftex.def)             Requested size: 277.07452pt x 204.93341pt.

[20.20] [21.21 <../../inc/messagePaths.pdf>] [22.22]

LaTeX Warning: Citation 'MessageVortexRFC' on page 23 undefined on input line 6
38.


LaTeX Warning: Citation 'messageVortex' on page 23 undefined on input line 638.



LaTeX Warning: Empty bibliography on input line 646.


Class acmart Warning: ACM keywords are mandatory for papers over two pages.


Class acmart Warning: CCS concepts are mandatory for papers over two pages.


FiXme Summary: Number of notes: 0,
(FiXme)        Number of warnings: 0,
(FiXme)        Number of errors: 0,
(FiXme)        Number of fatal errors: 0,
(FiXme)        Total: 0.

[23.23]
Package atveryend Info: Empty hook `BeforeClearDocument' on input line 648.
Package atveryend Info: Empty hook `AfterLastShipout' on input line 648.
 (MessageVortexExcerpt.aux
* soulpos - computing points - it may take a few seconds *
\openout5 = `MessageVortexExcerpt.upb'.


(MessageVortexExcerpt.upa))
Package atveryend Info: Executing hook `AtVeryEndDocument' on input line 648.
Package atveryend Info: Executing hook `AtEndAfterFileList' on input line 648.
Package rerunfilecheck Info: File `MessageVortexExcerpt.out' has not changed.
(rerunfilecheck)             Checksum: B84DCC5F5CF93D878DADDCCD24129726;3525.


LaTeX Warning: There were undefined references.


Package biblatex Warning: Please (re)run Biber on the file:
(biblatex)                MessageVortexExcerpt
(biblatex)                and rerun LaTeX afterwards.

Package logreq Info: Writing requests to 'MessageVortexExcerpt.run.xml'.
\openout1 = `MessageVortexExcerpt.run.xml'.

 ) 
Here is how much of TeX's memory you used:
 29649 strings out of 480931
 523699 string characters out of 2893713
 1181618 words of memory out of 3000000
 44760 multiletter control sequences out of 15000+200000
 689526 words of font info for 157 fonts, out of 3000000 for 9000
 1305 hyphenation exceptions out of 8191
 63i,12n,100p,1831b,1362s stack positions out of 5000i,500n,10000p,200000b,50000s
{F:/apps/portableApps/MikTeXPortable/App/MikTeX/texmfs/install/fonts/enc/dvip
s/libertine/lbtn_fygcup.enc}{F:/apps/portableApps/MikTeXPortable/App/MikTeX/tex
mfs/install/fonts/enc/dvips/libertine/lbtn_25tcsq.enc}{F:/apps/portableApps/Mik
TeXPortable/App/MikTeX/texmfs/install/fonts/enc/dvips/libertine/lbtn_oexx6f.enc
}{F:/apps/portableApps/MikTeXPortable/App/MikTeX/texmfs/install/fonts/enc/dvips
/libertine/lbtn_naooyc.enc}{F:/apps/portableApps/MikTeXPortable/App/MikTeX/texm
fs/install/fonts/enc/dvips/libertine/lbtn_nh77jq.enc}{F:/apps/portableApps/MikT
eXPortable/App/MikTeX/texmfs/install/fonts/enc/dvips/libertine/lbtn_7grukw.enc}
{F:/apps/portableApps/MikTeXPortable/App/MikTeX/texmfs/install/fonts/enc/dvips/
libertine/lbtn_76gpa5.enc}<F:/apps/portableApps/MikTeXPortable/App/MikTeX/texmf
s/install/fonts/type1/public/newtx/LibertineMathMI.pfb><F:/apps/portableApps/Mi
kTeXPortable/App/MikTeX/texmfs/install/fonts/type1/public/newtx/LibertineMathMI
5.pfb><F:/apps/portableApps/MikTeXPortable/App/MikTeX/texmfs/install/fonts/type
1/public/newtx/LibertineMathMI7.pfb><F:/apps/portableApps/MikTeXPortable/App/Mi
kTeX/texmfs/install/fonts/type1/public/libertine/LinBiolinumT.pfb><F:/apps/port
ableApps/MikTeXPortable/App/MikTeX/texmfs/install/fonts/type1/public/libertine/
LinBiolinumTB.pfb><F:/apps/portableApps/MikTeXPortable/App/MikTeX/texmfs/instal
l/fonts/type1/public/libertine/LinBiolinumTBO.pfb><F:/apps/portableApps/MikTeXP
ortable/App/MikTeX/texmfs/install/fonts/type1/public/libertine/LinBiolinumTI.pf
b><F:/apps/portableApps/MikTeXPortable/App/MikTeX/texmfs/install/fonts/type1/pu
blic/libertine/LinLibertineT.pfb><F:/apps/portableApps/MikTeXPortable/App/MikTe
X/texmfs/install/fonts/type1/public/libertine/LinLibertineTB.pfb><F:/apps/porta
bleApps/MikTeXPortable/App/MikTeX/texmfs/install/fonts/type1/public/libertine/L
inLibertineTI.pfb><F:/apps/portableApps/MikTeXPortable/App/MikTeX/texmfs/instal
l/fonts/type1/public/libertine/LinLibertineTZ.pfb><F:/apps/portableApps/MikTeXP
ortable/App/MikTeX/texmfs/install/fonts/type1/public/newtx/NewTXMI.pfb><F:/apps
/portableApps/MikTeXPortable/App/MikTeX/texmfs/install/fonts/type1/public/amsfo
nts/cm/cmmi10.pfb><F:/apps/portableApps/MikTeXPortable/App/MikTeX/texmfs/instal
l/fonts/type1/public/amsfonts/cm/cmmi12.pfb><F:/apps/portableApps/MikTeXPortabl
e/App/MikTeX/texmfs/install/fonts/type1/public/amsfonts/cm/cmmi5.pfb><F:/apps/p
ortableApps/MikTeXPortable/App/MikTeX/texmfs/install/fonts/type1/public/amsfont
s/cm/cmmi6.pfb><F:/apps/portableApps/MikTeXPortable/App/MikTeX/texmfs/install/f
onts/type1/public/amsfonts/cm/cmmi7.pfb><F:/apps/portableApps/MikTeXPortable/Ap
p/MikTeX/texmfs/install/fonts/type1/public/amsfonts/cm/cmmi8.pfb><F:/apps/porta
bleApps/MikTeXPortable/App/MikTeX/texmfs/install/fonts/type1/public/amsfonts/cm
/cmr10.pfb><F:/apps/portableApps/MikTeXPortable/App/MikTeX/texmfs/install/fonts
/type1/public/amsfonts/cm/cmr12.pfb><F:/apps/portableApps/MikTeXPortable/App/Mi
kTeX/texmfs/install/fonts/type1/public/amsfonts/cm/cmr5.pfb><F:/apps/portableAp
ps/MikTeXPortable/App/MikTeX/texmfs/install/fonts/type1/public/amsfonts/cm/cmr6
.pfb><F:/apps/portableApps/MikTeXPortable/App/MikTeX/texmfs/install/fonts/type1
/public/amsfonts/cm/cmr7.pfb><F:/apps/portableApps/MikTeXPortable/App/MikTeX/te
xmfs/install/fonts/type1/public/amsfonts/cm/cmr8.pfb><F:/apps/portableApps/MikT
eXPortable/App/MikTeX/texmfs/install/fonts/type1/public/amsfonts/cm/cmsy6.pfb><
F:/apps/portableApps/MikTeXPortable/App/MikTeX/texmfs/install/fonts/type1/publi
c/amsfonts/cm/cmsy7.pfb><F:/apps/portableApps/MikTeXPortable/App/MikTeX/texmfs/
install/fonts/type1/public/amsfonts/cm/cmsy8.pfb><F:/apps/portableApps/MikTeXPo
rtable/App/MikTeX/texmfs/install/fonts/type1/public/newtx/txexs.pfb><F:/apps/po
rtableApps/MikTeXPortable/App/MikTeX/texmfs/install/fonts/type1/public/newtx/tx
miaX.pfb><F:/apps/portableApps/MikTeXPortable/App/MikTeX/texmfs/install/fonts/t
ype1/public/newtx/txsys.pfb>
Output written on MessageVortexExcerpt.pdf (23 pages, 1060024 bytes).
PDF statistics:
 475 PDF objects out of 1000 (max. 8388607)
 68 named destinations out of 1000 (max. 500000)
 15560 words of extra memory for PDF output out of 17280 (max. 10000000)

